willowcms-1  | NOTICE: PHP message: PHP Warning:  Constant ROOT already defined in /var/www/html/config/paths.php on line 31
willowcms-1  | NOTICE: PHP message: PHP Warning:  Constant APP_DIR already defined in /var/www/html/config/paths.php on line 37
willowcms-1  | NOTICE: PHP message: PHP Warning:  Constant APP already defined in /var/www/html/config/paths.php on line 42
willowcms-1  | NOTICE: PHP message: PHP Warning:  Constant CONFIG already defined in /var/www/html/config/paths.php on line 47
willowcms-1  | NOTICE: PHP message: PHP Warning:  Constant WWW_ROOT already defined in /var/www/html/config/paths.php on line 56
willowcms-1  | NOTICE: PHP message: PHP Warning:  Constant TESTS already defined in /var/www/html/config/paths.php on line 61
willowcms-1  | NOTICE: PHP message: PHP Warning:  Constant TMP already defined in /var/www/html/config/paths.php on line 66
willowcms-1  | NOTICE: PHP message: PHP Warning:  Constant LOGS already defined in /var/www/html/config/paths.php on line 71
willowcms-1  | NOTICE: PHP message: PHP Warning:  Constant CACHE already defined in /var/www/html/config/paths.php on line 76
willowcms-1  | NOTICE: PHP message: PHP Warning:  Constant RESOURCES already defined in /var/www/html/config/paths.php on line 81
willowcms-1  | NOTICE: PHP message: PHP Warning:  Constant CAKE_CORE_INCLUDE_PATH already defined in /var/www/html/config/paths.php on line 88
willowcms-1  | NOTICE: PHP message: PHP Warning:  Constant CORE_PATH already defined in /var/www/html/config/paths.php on line 93
willowcms-1  | NOTICE: PHP message: PHP Warning:  Constant CAKE already defined in /var/www/html/config/paths.php on line 94
willowcms-1  | NOTICE: PHP message: PHP Warning:  Constant TIME_START already defined in /var/www/html/vendor/cakephp/cakephp/config/bootstrap.php on line 18
willowcms-1  | 2025/09/06 12:22:09 [error] 14#14: *17 FastCGI sent in stderr: "PHP message: PHP Warning:  Constant ROOT already defined in /var/www/html/config/paths.php on line 31; PHP message: PHP Warning:  Constant APP_DIR already defined in /var/www/html/config/paths.php on line 37; PHP message: PHP Warning:  Constant APP already defined in /var/www/html/config/paths.php on line 42; PHP message: PHP Warning:  Constant CONFIG already defined in /var/www/html/config/paths.php on line 47; PHP message: PHP Warning:  Constant WWW_ROOT already defined in /var/www/html/config/paths.php on line 56; PHP message: PHP Warning:  Constant TESTS already defined in /var/www/html/config/paths.php on line 61; PHP message: PHP Warning:  Constant TMP already defined in /var/www/html/config/paths.php on line 66; PHP message: PHP Warning:  Constant LOGS already defined in /var/www/html/config/paths.php on line 71; PHP message: PHP Warning:  Constant CACHE already defined in /var/www/html/config/paths.php on line 76; PHP message: PHP Warning:  Constant RESOURCES already defined in /var/www/html/config/paths.php on line 81; PHP message: PHP Warning:  Constant CAKE_CORE_INCLUDE_PATH already defined in /var/www/html/config/paths.php on line 88; PHP message: PHP Warning:  Constant CORE_PATH already defined in /var/www/html/config/paths.php on line 93; PHP message: PHP Warning:  Constant CAKE already defined in /var/www/html/config/paths.php on line 94; PHP message: PHP Warning:  Constant TIME_START already defined in /var/www/html/vendor/cakephp/cakephp/config/bootstrap.php on line 18" while reading response header from upstream, client: 151.101.162.132, server: , request: "GET / HTTP/1.1", upstream: "fastcgi://unix:/run/php-fpm.sock:", host: "localhost:8080"
willowcms-1  | NOTICE: PHP message: PHP Warning:  Constant ROOT already defined in /var/www/html/config/paths.php on line 31
willowcms-1  | NOTICE: PHP message: PHP Warning:  Constant APP_DIR already defined in /var/www/html/config/paths.php on line 37
willowcms-1  | NOTICE: PHP message: PHP Warning:  Constant APP already defined in /var/www/html/config/paths.php on line 42
willowcms-1  | NOTICE: PHP message: PHP Warning:  Constant CONFIG already defined in /var/www/html/config/paths.php on line 47
willowcms-1  | NOTICE: PHP message: PHP Warning:  Constant WWW_ROOT already defined in /var/www/html/config/paths.php on line 56
willowcms-1  | NOTICE: PHP message: PHP Warning:  Constant TESTS already defined in /var/www/html/config/paths.php on line 61
willowcms-1  | NOTICE: PHP message: PHP Warning:  Constant TMP already defined in /var/www/html/config/paths.php on line 66
willowcms-1  | NOTICE: PHP message: PHP Warning:  Constant LOGS already defined in /var/www/html/config/paths.php on line 71
willowcms-1  | NOTICE: PHP message: PHP Warning:  Constant CACHE already defined in /var/www/html/config/paths.php on line 76
willowcms-1  | NOTICE: PHP message: PHP Warning:  Constant RESOURCES already defined in /var/www/html/config/paths.php on line 81
willowcms-1  | NOTICE: PHP message: PHP Warning:  Constant CAKE_CORE_INCLUDE_PATH already defined in /var/www/html/config/paths.php on line 88
willowcms-1  | NOTICE: PHP message: PHP Warning:  Constant CORE_PATH already defined in /var/www/html/config/paths.php on line 93
willowcms-1  | NOTICE: PHP message: PHP Warning:  Constant CAKE already defined in /var/www/html/config/paths.php on line 94
willowcms-1  | NOTICE: PHP message: PHP Warning:  Constant TIME_START already defined in /var/www/html/vendor/cakephp/cakephp/config/bootstrap.php on line 18
willowcms-1  | 2025/09/06 12:22:09 [error] 14#14: *17 FastCGI sent in stderr: "PHP message: PHP Warning:  Constant ROOT already defined in /var/www/html/config/paths.php on line 31; PHP message: PHP Warning:  Constant APP_DIR already defined in /var/www/html/config/paths.php on line 37; PHP message: PHP Warning:  Constant APP already defined in /var/www/html/config/paths.php on line 42; PHP message: PHP Warning:  Constant CONFIG already defined in /var/www/html/config/paths.php on line 47; PHP message: PHP Warning:  Constant WWW_ROOT already defined in /var/www/html/config/paths.php on line 56; PHP message: PHP Warning:  Constant TESTS already defined in /var/www/html/config/paths.php on line 61; PHP message: PHP Warning:  Constant TMP already defined in /var/www/html/config/paths.php on line 66; PHP message: PHP Warning:  Constant LOGS already defined in /var/www/html/config/paths.php on line 71; PHP message: PHP Warning:  Constant CACHE already defined in /var/www/html/config/paths.php on line 76; PHP message: PHP Warning:  Constant RESOURCES already defined in /var/www/html/config/paths.php on line 81; PHP message: PHP Warning:  Constant CAKE_CORE_INCLUDE_PATH already defined in /var/www/html/config/paths.php on line 88; PHP message: PHP Warning:  Constant CORE_PATH already defined in /var/www/html/config/paths.php on line 93; PHP message: PHP Warning:  Constant CAKE already defined in /var/www/html/config/paths.php on line 94; PHP message: PHP Warning:  Constant TIME_START already defined in /var/www/html/vendor/cakephp/cakephp/config/bootstrap.php on line 18" while reading response header from upstream, client: 151.101.162.132, server: , request: "GET /en HTTP/1.1", upstream: "fastcgi://unix:/run/php-fpm.sock:", host: "localhost:8080"
willowcms-1  | NOTICE: PHP message: PHP Warning:  Constant ROOT already defined in /var/www/html/config/paths.php on line 31
willowcms-1  | NOTICE: PHP message: PHP Warning:  Constant APP_DIR already defined in /var/www/html/config/paths.php on line 37
willowcms-1  | NOTICE: PHP message: PHP Warning:  Constant APP already defined in /var/www/html/config/paths.php on line 42
willowcms-1  | NOTICE: PHP message: PHP Warning:  Constant CONFIG already defined in /var/www/html/config/paths.php on line 47
willowcms-1  | NOTICE: PHP message: PHP Warning:  Constant WWW_ROOT already defined in /var/www/html/config/paths.php on line 56
willowcms-1  | NOTICE: PHP message: PHP Warning:  Constant TESTS already defined in /var/www/html/config/paths.php on line 61
willowcms-1  | NOTICE: PHP message: PHP Warning:  Constant TMP already defined in /var/www/html/config/paths.php on line 66
willowcms-1  | NOTICE: PHP message: PHP Warning:  Constant LOGS already defined in /var/www/html/config/paths.php on line 71
willowcms-1  | NOTICE: PHP message: PHP Warning:  Constant CACHE already defined in /var/www/html/config/paths.php on line 76
willowcms-1  | NOTICE: PHP message: PHP Warning:  Constant RESOURCES already defined in /var/www/html/config/paths.php on line 81
willowcms-1  | NOTICE: PHP message: PHP Warning:  Constant CAKE_CORE_INCLUDE_PATH already defined in /var/www/html/config/paths.php on line 88
willowcms-1  | NOTICE: PHP message: PHP Warning:  Constant CORE_PATH already defined in /var/www/html/config/paths.php on line 93
willowcms-1  | NOTICE: PHP message: PHP Warning:  Constant CAKE already defined in /var/www/html/config/paths.php on line 94
willowcms-1  | NOTICE: PHP message: PHP Warning:  Constant TIME_START already defined in /var/www/html/vendor/cakephp/cakephp/config/bootstrap.php on line 18
willowcms-1  | 2025/09/06 12:22:09 [error] 14#14: *17 FastCGI sent in stderr: "PHP message: PHP Warning:  Constant ROOT already defined in /var/www/html/config/paths.php on line 31; PHP message: PHP Warning:  Constant APP_DIR already defined in /var/www/html/config/paths.php on line 37; PHP message: PHP Warning:  Constant APP already defined in /var/www/html/config/paths.php on line 42; PHP message: PHP Warning:  Constant CONFIG already defined in /var/www/html/config/paths.php on line 47; PHP message: PHP Warning:  Constant WWW_ROOT already defined in /var/www/html/config/paths.php on line 56; PHP message: PHP Warning:  Constant TESTS already defined in /var/www/html/config/paths.php on line 61; PHP message: PHP Warning:  Constant TMP already defined in /var/www/html/config/paths.php on line 66; PHP message: PHP Warning:  Constant LOGS already defined in /var/www/html/config/paths.php on line 71; PHP message: PHP Warning:  Constant CACHE already defined in /var/www/html/config/paths.php on line 76; PHP message: PHP Warning:  Constant RESOURCES already defined in /var/www/html/config/paths.php on line 81; PHP message: PHP Warning:  Constant CAKE_CORE_INCLUDE_PATH already defined in /var/www/html/config/paths.php on line 88; PHP message: PHP Warning:  Constant CORE_PATH already defined in /var/www/html/config/paths.php on line 93; PHP message: PHP Warning:  Constant CAKE already defined in /var/www/html/config/paths.php on line 94; PHP message: PHP Warning:  Constant TIME_START already defined in /var/www/html/vendor/cakephp/cakephp/config/bootstrap.php on line 18" while reading response header from upstream, client: 151.101.162.132, server: , request: "GET /en/users/login?redirect=%2Fen%3Fq%3D%2Fen%26 HTTP/1.1", upstream: "fastcgi://unix:/run/php-fpm.sock:", host: "localhost:8080"
willowcms-1  | NOTICE: PHP message: PHP Warning:  Constant ROOT already defined in /var/www/html/config/paths.php on line 31
willowcms-1  | NOTICE: PHP message: PHP Warning:  Constant APP_DIR already defined in /var/www/html/config/paths.php on line 37
willowcms-1  | NOTICE: PHP message: PHP Warning:  Constant APP already defined in /var/www/html/config/paths.php on line 42
willowcms-1  | NOTICE: PHP message: PHP Warning:  Constant CONFIG already defined in /var/www/html/config/paths.php on line 47
willowcms-1  | NOTICE: PHP message: PHP Warning:  Constant WWW_ROOT already defined in /var/www/html/config/paths.php on line 56
willowcms-1  | NOTICE: PHP message: PHP Warning:  Constant TESTS already defined in /var/www/html/config/paths.php on line 61
willowcms-1  | NOTICE: PHP message: PHP Warning:  Constant TMP already defined in /var/www/html/config/paths.php on line 66
willowcms-1  | NOTICE: PHP message: PHP Warning:  Constant LOGS already defined in /var/www/html/config/paths.php on line 71
willowcms-1  | NOTICE: PHP message: PHP Warning:  Constant CACHE already defined in /var/www/html/config/paths.php on line 76
willowcms-1  | NOTICE: PHP message: PHP Warning:  Constant RESOURCES already defined in /var/www/html/config/paths.php on line 81
willowcms-1  | NOTICE: PHP message: PHP Warning:  Constant CAKE_CORE_INCLUDE_PATH already defined in /var/www/html/config/paths.php on line 88
willowcms-1  | NOTICE: PHP message: PHP Warning:  Constant CORE_PATH already defined in /var/www/html/config/paths.php on line 93
willowcms-1  | NOTICE: PHP message: PHP Warning:  Constant CAKE already defined in /var/www/html/config/paths.php on line 94
willowcms-1  | NOTICE: PHP message: PHP Warning:  Constant TIME_START already defined in /var/www/html/vendor/cakephp/cakephp/config/bootstrap.php on line 18
willowcms-1  | NOTICE: PHP message: PHP Warning:  Constant ROOT already defined in /var/www/html/config/paths.php on line 31
willowcms-1  | NOTICE: PHP message: PHP Warning:  Constant APP_DIR already defined in /var/www/html/config/paths.php on line 37
willowcms-1  | NOTICE: PHP message: PHP Warning:  Constant APP already defined in /var/www/html/config/paths.php on line 42
willowcms-1  | NOTICE: PHP message: PHP Warning:  Constant CONFIG already defined in /var/www/html/config/paths.php on line 47
willowcms-1  | NOTICE: PHP message: PHP Warning:  Constant WWW_ROOT already defined in /var/www/html/config/paths.php on line 56
willowcms-1  | NOTICE: PHP message: PHP Warning:  Constant TESTS already defined in /var/www/html/config/paths.php on line 61
willowcms-1  | NOTICE: PHP message: PHP Warning:  Constant TMP already defined in /var/www/html/config/paths.php on line 66
willowcms-1  | NOTICE: PHP message: PHP Warning:  Constant LOGS already defined in /var/www/html/config/paths.php on line 71
willowcms-1  | NOTICE: PHP message: PHP Warning:  Constant CACHE already defined in /var/www/html/config/paths.php on line 76
willowcms-1  | NOTICE: PHP message: PHP Warning:  Constant RESOURCES already defined in /var/www/html/config/paths.php on line 81
willowcms-1  | NOTICE: PHP message: PHP Warning:  Constant CAKE_CORE_INCLUDE_PATH already defined in /var/www/html/config/paths.php on line 88
willowcms-1  | NOTICE: PHP message: PHP Warning:  Constant CORE_PATH already defined in /var/www/html/config/paths.php on line 93
willowcms-1  | NOTICE: PHP message: PHP Warning:  Constant CAKE already defined in /var/www/html/config/paths.php on line 94
willowcms-1  | NOTICE: PHP message: PHP Warning:  Constant TIME_START already defined in /var/www/html/vendor/cakephp/cakephp/config/bootstrap.php on line 18
willowcms-1  | 2025/09/06 12:22:10 [error] 14#14: *17 FastCGI sent in stderr: "PHP message: PHP Warning:  Constant ROOT already defined in /var/www/html/config/paths.php on line 31; PHP message: PHP Warning:  Constant APP_DIR already defined in /var/www/html/config/paths.php on line 37; PHP message: PHP Warning:  Constant APP already defined in /var/www/html/config/paths.php on line 42; PHP message: PHP Warning:  Constant CONFIG already defined in /var/www/html/config/paths.php on line 47; PHP message: PHP Warning:  Constant WWW_ROOT already defined in /var/www/html/config/paths.php on line 56; PHP message: PHP Warning:  Constant TESTS already defined in /var/www/html/config/paths.php on line 61; PHP message: PHP Warning:  Constant TMP already defined in /var/www/html/config/paths.php on line 66; PHP message: PHP Warning:  Constant LOGS already defined in /var/www/html/config/paths.php on line 71; PHP message: PHP Warning:  Constant CACHE already defined in /var/www/html/config/paths.php on line 76; PHP message: PHP Warning:  Constant RESOURCES already defined in /var/www/html/config/paths.php on line 81; PHP message: PHP Warning:  Constant CAKE_CORE_INCLUDE_PATH already defined in /var/www/html/config/paths.php on line 88; PHP message: PHP Warning:  Constant CORE_PATH already defined in /var/www/html/config/paths.php on line 93; PHP message: PHP Warning:  Constant CAKE already defined in /var/www/html/config/paths.php on line 94; PHP message: PHP Warning:  Constant TIME_START already defined in /var/www/html/vendor/cakephp/cakephp/config/bootstrap.php on line 18" while reading response header from upstream, client: 151.101.162.132, server: , request: "GET /js/willow-modal.js HTTP/1.1", upstream: "fastcgi://unix:/run/php-fpm.sock:", host: "localhost:8080", referrer: "http://localhost:8080/en/users/login?redirect=%2Fen%3Fq%3D%2Fen%26"
willowcms-1  | 2025/09/06 12:22:10 [error] 14#14: *23 FastCGI sent in stderr: "PHP message: PHP Warning:  Constant ROOT already defined in /var/www/html/config/paths.php on line 31; PHP message: PHP Warning:  Constant APP_DIR already defined in /var/www/html/config/paths.php on line 37; PHP message: PHP Warning:  Constant APP already defined in /var/www/html/config/paths.php on line 42; PHP message: PHP Warning:  Constant CONFIG already defined in /var/www/html/config/paths.php on line 47; PHP message: PHP Warning:  Constant WWW_ROOT already defined in /var/www/html/config/paths.php on line 56; PHP message: PHP Warning:  Constant TESTS already defined in /var/www/html/config/paths.php on line 61; PHP message: PHP Warning:  Constant TMP already defined in /var/www/html/config/paths.php on line 66; PHP message: PHP Warning:  Constant LOGS already defined in /var/www/html/config/paths.php on line 71; PHP message: PHP Warning:  Constant CACHE already defined in /var/www/html/config/paths.php on line 76; PHP message: PHP Warning:  Constant RESOURCES already defined in /var/www/html/config/paths.php on line 81; PHP message: PHP Warning:  Constant CAKE_CORE_INCLUDE_PATH already defined in /var/www/html/config/paths.php on line 88; PHP message: PHP Warning:  Constant CORE_PATH already defined in /var/www/html/config/paths.php on line 93; PHP message: PHP Warning:  Constant CAKE already defined in /var/www/html/config/paths.php on line 94; PHP message: PHP Warning:  Constant TIME_START already defined in /var/www/html/vendor/cakephp/cakephp/config/bootstrap.php on line 18" while reading response header from upstream, client: 151.101.162.132, server: , request: "GET /js/youtube-gdpr.js HTTP/1.1", upstream: "fastcgi://unix:/run/php-fpm.sock:", host: "localhost:8080", referrer: "http://localhost:8080/en/users/login?redirect=%2Fen%3Fq%3D%2Fen%26"
willowcms-1  | NOTICE: PHP message: PHP Warning:  Constant ROOT already defined in /var/www/html/config/paths.php on line 31
willowcms-1  | NOTICE: PHP message: PHP Warning:  Constant APP_DIR already defined in /var/www/html/config/paths.php on line 37
willowcms-1  | NOTICE: PHP message: PHP Warning:  Constant APP already defined in /var/www/html/config/paths.php on line 42
willowcms-1  | NOTICE: PHP message: PHP Warning:  Constant CONFIG already defined in /var/www/html/config/paths.php on line 47
willowcms-1  | NOTICE: PHP message: PHP Warning:  Constant WWW_ROOT already defined in /var/www/html/config/paths.php on line 56
willowcms-1  | NOTICE: PHP message: PHP Warning:  Constant TESTS already defined in /var/www/html/config/paths.php on line 61
willowcms-1  | NOTICE: PHP message: PHP Warning:  Constant TMP already defined in /var/www/html/config/paths.php on line 66
willowcms-1  | NOTICE: PHP message: PHP Warning:  Constant LOGS already defined in /var/www/html/config/paths.php on line 71
willowcms-1  | NOTICE: PHP message: PHP Warning:  Constant CACHE already defined in /var/www/html/config/paths.php on line 76
willowcms-1  | NOTICE: PHP message: PHP Warning:  Constant RESOURCES already defined in /var/www/html/config/paths.php on line 81
willowcms-1  | NOTICE: PHP message: PHP Warning:  Constant CAKE_CORE_INCLUDE_PATH already defined in /var/www/html/config/paths.php on line 88
willowcms-1  | NOTICE: PHP message: PHP Warning:  Constant CORE_PATH already defined in /var/www/html/config/paths.php on line 93
willowcms-1  | NOTICE: PHP message: PHP Warning:  Constant CAKE already defined in /var/www/html/config/paths.php on line 94
willowcms-1  | NOTICE: PHP message: PHP Warning:  Constant TIME_START already defined in /var/www/html/vendor/cakephp/cakephp/config/bootstrap.php on line 18
willowcms-1  | 2025/09/06 12:23:10 [error] 14#14: *29 FastCGI sent in stderr: "PHP message: PHP Warning:  Constant ROOT already defined in /var/www/html/config/paths.php on line 31; PHP message: PHP Warning:  Constant APP_DIR already defined in /var/www/html/config/paths.php on line 37; PHP message: PHP Warning:  Constant APP already defined in /var/www/html/config/paths.php on line 42; PHP message: PHP Warning:  Constant CONFIG already defined in /var/www/html/config/paths.php on line 47; PHP message: PHP Warning:  Constant WWW_ROOT already defined in /var/www/html/config/paths.php on line 56; PHP message: PHP Warning:  Constant TESTS already defined in /var/www/html/config/paths.php on line 61; PHP message: PHP Warning:  Constant TMP already defined in /var/www/html/config/paths.php on line 66; PHP message: PHP Warning:  Constant LOGS already defined in /var/www/html/config/paths.php on line 71; PHP message: PHP Warning:  Constant CACHE already defined in /var/www/html/config/paths.php on line 76; PHP message: PHP Warning:  Constant RESOURCES already defined in /var/www/html/config/paths.php on line 81; PHP message: PHP Warning:  Constant CAKE_CORE_INCLUDE_PATH already defined in /var/www/html/config/paths.php on line 88; PHP message: PHP Warning:  Constant CORE_PATH already defined in /var/www/html/config/paths.php on line 93; PHP message: PHP Warning:  Constant CAKE already defined in /var/www/html/config/paths.php on line 94; PHP message: PHP Warning:  Constant TIME_START already defined in /var/www/html/vendor/cakephp/cakephp/config/bootstrap.php on line 18" while reading response header from upstream, client: 151.101.162.132, server: , request: "GET / HTTP/1.1", upstream: "fastcgi://unix:/run/php-fpm.sock:", host: "localhost:8080"
willowcms-1  | NOTICE: PHP message: PHP Warning:  Constant ROOT already defined in /var/www/html/config/paths.php on line 31
willowcms-1  | NOTICE: PHP message: PHP Warning:  Constant APP_DIR already defined in /var/www/html/config/paths.php on line 37
willowcms-1  | NOTICE: PHP message: PHP Warning:  Constant APP already defined in /var/www/html/config/paths.php on line 42
willowcms-1  | NOTICE: PHP message: PHP Warning:  Constant CONFIG already defined in /var/www/html/config/paths.php on line 47
willowcms-1  | NOTICE: PHP message: PHP Warning:  Constant WWW_ROOT already defined in /var/www/html/config/paths.php on line 56
willowcms-1  | NOTICE: PHP message: PHP Warning:  Constant TESTS already defined in /var/www/html/config/paths.php on line 61
willowcms-1  | NOTICE: PHP message: PHP Warning:  Constant TMP already defined in /var/www/html/config/paths.php on line 66
willowcms-1  | NOTICE: PHP message: PHP Warning:  Constant LOGS already defined in /var/www/html/config/paths.php on line 71
willowcms-1  | NOTICE: PHP message: PHP Warning:  Constant CACHE already defined in /var/www/html/config/paths.php on line 76
willowcms-1  | NOTICE: PHP message: PHP Warning:  Constant RESOURCES already defined in /var/www/html/config/paths.php on line 81
willowcms-1  | NOTICE: PHP message: PHP Warning:  Constant CAKE_CORE_INCLUDE_PATH already defined in /var/www/html/config/paths.php on line 88
willowcms-1  | NOTICE: PHP message: PHP Warning:  Constant CORE_PATH already defined in /var/www/html/config/paths.php on line 93
willowcms-1  | NOTICE: PHP message: PHP Warning:  Constant CAKE already defined in /var/www/html/config/paths.php on line 94
willowcms-1  | NOTICE: PHP message: PHP Warning:  Constant TIME_START already defined in /var/www/html/vendor/cakephp/cakephp/config/bootstrap.php on line 18
willowcms-1  | 2025/09/06 12:23:11 [error] 14#14: *29 FastCGI sent in stderr: "PHP message: PHP Warning:  Constant ROOT already defined in /var/www/html/config/paths.php on line 31; PHP message: PHP Warning:  Constant APP_DIR already defined in /var/www/html/config/paths.php on line 37; PHP message: PHP Warning:  Constant APP already defined in /var/www/html/config/paths.php on line 42; PHP message: PHP Warning:  Constant CONFIG already defined in /var/www/html/config/paths.php on line 47; PHP message: PHP Warning:  Constant WWW_ROOT already defined in /var/www/html/config/paths.php on line 56; PHP message: PHP Warning:  Constant TESTS already defined in /var/www/html/config/paths.php on line 61; PHP message: PHP Warning:  Constant TMP already defined in /var/www/html/config/paths.php on line 66; PHP message: PHP Warning:  Constant LOGS already defined in /var/www/html/config/paths.php on line 71; PHP message: PHP Warning:  Constant CACHE already defined in /var/www/html/config/paths.php on line 76; PHP message: PHP Warning:  Constant RESOURCES already defined in /var/www/html/config/paths.php on line 81; PHP message: PHP Warning:  Constant CAKE_CORE_INCLUDE_PATH already defined in /var/www/html/config/paths.php on line 88; PHP message: PHP Warning:  Constant CORE_PATH already defined in /var/www/html/config/paths.php on line 93; PHP message: PHP Warning:  Constant CAKE already defined in /var/www/html/config/paths.php on line 94; PHP message: PHP Warning:  Constant TIME_START already defined in /var/www/html/vendor/cakephp/cakephp/config/bootstrap.php on line 18" while reading response header from upstream, client: 151.101.162.132, server: , request: "GET /en HTTP/1.1", upstream: "fastcgi://unix:/run/php-fpm.sock:", host: "localhost:8080"
willowcms-1  | NOTICE: PHP message: PHP Warning:  Constant ROOT already defined in /var/www/html/config/paths.php on line 31
willowcms-1  | NOTICE: PHP message: PHP Warning:  Constant APP_DIR already defined in /var/www/html/config/paths.php on line 37
willowcms-1  | NOTICE: PHP message: PHP Warning:  Constant APP already defined in /var/www/html/config/paths.php on line 42
willowcms-1  | NOTICE: PHP message: PHP Warning:  Constant CONFIG already defined in /var/www/html/config/paths.php on line 47
willowcms-1  | NOTICE: PHP message: PHP Warning:  Constant WWW_ROOT already defined in /var/www/html/config/paths.php on line 56
willowcms-1  | NOTICE: PHP message: PHP Warning:  Constant TESTS already defined in /var/www/html/config/paths.php on line 61
willowcms-1  | NOTICE: PHP message: PHP Warning:  Constant TMP already defined in /var/www/html/config/paths.php on line 66
willowcms-1  | NOTICE: PHP message: PHP Warning:  Constant LOGS already defined in /var/www/html/config/paths.php on line 71
willowcms-1  | NOTICE: PHP message: PHP Warning:  Constant CACHE already defined in /var/www/html/config/paths.php on line 76
willowcms-1  | NOTICE: PHP message: PHP Warning:  Constant RESOURCES already defined in /var/www/html/config/paths.php on line 81
willowcms-1  | NOTICE: PHP message: PHP Warning:  Constant CAKE_CORE_INCLUDE_PATH already defined in /var/www/html/config/paths.php on line 88
willowcms-1  | NOTICE: PHP message: PHP Warning:  Constant CORE_PATH already defined in /var/www/html/config/paths.php on line 93
willowcms-1  | NOTICE: PHP message: PHP Warning:  Constant CAKE already defined in /var/www/html/config/paths.php on line 94
willowcms-1  | NOTICE: PHP message: PHP Warning:  Constant TIME_START already defined in /var/www/html/vendor/cakephp/cakephp/config/bootstrap.php on line 18
willowcms-1  | 2025/09/06 12:23:12 [error] 14#14: *29 FastCGI sent in stderr: "PHP message: PHP Warning:  Constant ROOT already defined in /var/www/html/config/paths.php on line 31; PHP message: PHP Warning:  Constant APP_DIR already defined in /var/www/html/config/paths.php on line 37; PHP message: PHP Warning:  Constant APP already defined in /var/www/html/config/paths.php on line 42; PHP message: PHP Warning:  Constant CONFIG already defined in /var/www/html/config/paths.php on line 47; PHP message: PHP Warning:  Constant WWW_ROOT already defined in /var/www/html/config/paths.php on line 56; PHP message: PHP Warning:  Constant TESTS already defined in /var/www/html/config/paths.php on line 61; PHP message: PHP Warning:  Constant TMP already defined in /var/www/html/config/paths.php on line 66; PHP message: PHP Warning:  Constant LOGS already defined in /var/www/html/config/paths.php on line 71; PHP message: PHP Warning:  Constant CACHE already defined in /var/www/html/config/paths.php on line 76; PHP message: PHP Warning:  Constant RESOURCES already defined in /var/www/html/config/paths.php on line 81; PHP message: PHP Warning:  Constant CAKE_CORE_INCLUDE_PATH already defined in /var/www/html/config/paths.php on line 88; PHP message: PHP Warning:  Constant CORE_PATH already defined in /var/www/html/config/paths.php on line 93; PHP message: PHP Warning:  Constant CAKE already defined in /var/www/html/config/paths.php on line 94; PHP message: PHP Warning:  Constant TIME_START already defined in /var/www/html/vendor/cakephp/cakephp/config/bootstrap.php on line 18" while reading response header from upstream, client: 151.101.162.132, server: , request: "GET /en/users/login?redirect=%2Fen%3Fq%3D%2Fen%26 HTTP/1.1", upstream: "fastcgi://unix:/run/php-fpm.sock:", host: "localhost:8080"
willowcms-1  | NOTICE: PHP message: PHP Warning:  Constant ROOT already defined in /var/www/html/config/paths.php on line 31
willowcms-1  | NOTICE: PHP message: PHP Warning:  Constant APP_DIR already defined in /var/www/html/config/paths.php on line 37
willowcms-1  | NOTICE: PHP message: PHP Warning:  Constant APP already defined in /var/www/html/config/paths.php on line 42
willowcms-1  | NOTICE: PHP message: PHP Warning:  Constant CONFIG already defined in /var/www/html/config/paths.php on line 47
willowcms-1  | NOTICE: PHP message: PHP Warning:  Constant WWW_ROOT already defined in /var/www/html/config/paths.php on line 56
willowcms-1  | NOTICE: PHP message: PHP Warning:  Constant TESTS already defined in /var/www/html/config/paths.php on line 61
willowcms-1  | NOTICE: PHP message: PHP Warning:  Constant TMP already defined in /var/www/html/config/paths.php on line 66
willowcms-1  | NOTICE: PHP message: PHP Warning:  Constant LOGS already defined in /var/www/html/config/paths.php on line 71
willowcms-1  | NOTICE: PHP message: PHP Warning:  Constant CACHE already defined in /var/www/html/config/paths.php on line 76
willowcms-1  | NOTICE: PHP message: PHP Warning:  Constant RESOURCES already defined in /var/www/html/config/paths.php on line 81
willowcms-1  | NOTICE: PHP message: PHP Warning:  Constant CAKE_CORE_INCLUDE_PATH already defined in /var/www/html/config/paths.php on line 88
willowcms-1  | NOTICE: PHP message: PHP Warning:  Constant CORE_PATH already defined in /var/www/html/config/paths.php on line 93
willowcms-1  | NOTICE: PHP message: PHP Warning:  Constant CAKE already defined in /var/www/html/config/paths.php on line 94
willowcms-1  | NOTICE: PHP message: PHP Warning:  Constant TIME_START already defined in /var/www/html/vendor/cakephp/cakephp/config/bootstrap.php on line 18
willowcms-1  | NOTICE: PHP message: PHP Warning:  Constant ROOT already defined in /var/www/html/config/paths.php on line 31
willowcms-1  | NOTICE: PHP message: PHP Warning:  Constant APP_DIR already defined in /var/www/html/config/paths.php on line 37
willowcms-1  | NOTICE: PHP message: PHP Warning:  Constant APP already defined in /var/www/html/config/paths.php on line 42
willowcms-1  | NOTICE: PHP message: PHP Warning:  Constant CONFIG already defined in /var/www/html/config/paths.php on line 47
willowcms-1  | NOTICE: PHP message: PHP Warning:  Constant WWW_ROOT already defined in /var/www/html/config/paths.php on line 56
willowcms-1  | NOTICE: PHP message: PHP Warning:  Constant TESTS already defined in /var/www/html/config/paths.php on line 61
willowcms-1  | NOTICE: PHP message: PHP Warning:  Constant TMP already defined in /var/www/html/config/paths.php on line 66
willowcms-1  | NOTICE: PHP message: PHP Warning:  Constant LOGS already defined in /var/www/html/config/paths.php on line 71
willowcms-1  | NOTICE: PHP message: PHP Warning:  Constant CACHE already defined in /var/www/html/config/paths.php on line 76
willowcms-1  | NOTICE: PHP message: PHP Warning:  Constant RESOURCES already defined in /var/www/html/config/paths.php on line 81
willowcms-1  | NOTICE: PHP message: PHP Warning:  Constant CAKE_CORE_INCLUDE_PATH already defined in /var/www/html/config/paths.php on line 88
willowcms-1  | NOTICE: PHP message: PHP Warning:  Constant CORE_PATH already defined in /var/www/html/config/paths.php on line 93
willowcms-1  | NOTICE: PHP message: PHP Warning:  Constant CAKE already defined in /var/www/html/config/paths.php on line 94
willowcms-1  | NOTICE: PHP message: PHP Warning:  Constant TIME_START already defined in /var/www/html/vendor/cakephp/cakephp/config/bootstrap.php on line 18
willowcms-1  | 2025/09/06 12:23:15 [error] 14#14: *29 FastCGI sent in stderr: "PHP message: PHP Warning:  Constant ROOT already defined in /var/www/html/config/paths.php on line 31; PHP message: PHP Warning:  Constant APP_DIR already defined in /var/www/html/config/paths.php on line 37; PHP message: PHP Warning:  Constant APP already defined in /var/www/html/config/paths.php on line 42; PHP message: PHP Warning:  Constant CONFIG already defined in /var/www/html/config/paths.php on line 47; PHP message: PHP Warning:  Constant WWW_ROOT already defined in /var/www/html/config/paths.php on line 56; PHP message: PHP Warning:  Constant TESTS already defined in /var/www/html/config/paths.php on line 61; PHP message: PHP Warning:  Constant TMP already defined in /var/www/html/config/paths.php on line 66; PHP message: PHP Warning:  Constant LOGS already defined in /var/www/html/config/paths.php on line 71; PHP message: PHP Warning:  Constant CACHE already defined in /var/www/html/config/paths.php on line 76; PHP message: PHP Warning:  Constant RESOURCES already defined in /var/www/html/config/paths.php on line 81; PHP message: PHP Warning:  Constant CAKE_CORE_INCLUDE_PATH already defined in /var/www/html/config/paths.php on line 88; PHP message: PHP Warning:  Constant CORE_PATH already defined in /var/www/html/config/paths.php on line 93; PHP message: PHP Warning:  Constant CAKE already defined in /var/www/html/config/paths.php on line 94; PHP message: PHP Warning:  Constant TIME_START already defined in /var/www/html/vendor/cakephp/cakephp/config/bootstrap.php on line 18" while reading response header from upstream, client: 151.101.162.132, server: , request: "GET /js/willow-modal.js HTTP/1.1", upstream: "fastcgi://unix:/run/php-fpm.sock:", host: "localhost:8080", referrer: "http://localhost:8080/en/users/login?redirect=%2Fen%3Fq%3D%2Fen%26"
willowcms-1  | 2025/09/06 12:23:16 [error] 16#16: *35 FastCGI sent in stderr: "PHP message: PHP Warning:  Constant ROOT already defined in /var/www/html/config/paths.php on line 31; PHP message: PHP Warning:  Constant APP_DIR already defined in /var/www/html/config/paths.php on line 37; PHP message: PHP Warning:  Constant APP already defined in /var/www/html/config/paths.php on line 42; PHP message: PHP Warning:  Constant CONFIG already defined in /var/www/html/config/paths.php on line 47; PHP message: PHP Warning:  Constant WWW_ROOT already defined in /var/www/html/config/paths.php on line 56; PHP message: PHP Warning:  Constant TESTS already defined in /var/www/html/config/paths.php on line 61; PHP message: PHP Warning:  Constant TMP already defined in /var/www/html/config/paths.php on line 66; PHP message: PHP Warning:  Constant LOGS already defined in /var/www/html/config/paths.php on line 71; PHP message: PHP Warning:  Constant CACHE already defined in /var/www/html/config/paths.php on line 76; PHP message: PHP Warning:  Constant RESOURCES already defined in /var/www/html/config/paths.php on line 81; PHP message: PHP Warning:  Constant CAKE_CORE_INCLUDE_PATH already defined in /var/www/html/config/paths.php on line 88; PHP message: PHP Warning:  Constant CORE_PATH already defined in /var/www/html/config/paths.php on line 93; PHP message: PHP Warning:  Constant CAKE already defined in /var/www/html/config/paths.php on line 94; PHP message: PHP Warning:  Constant TIME_START already defined in /var/www/html/vendor/cakephp/cakephp/config/bootstrap.php on line 18" while reading response header from upstream, client: 151.101.162.132, server: , request: "GET /js/youtube-gdpr.js HTTP/1.1", upstream: "fastcgi://unix:/run/php-fpm.sock:", host: "localhost:8080", referrer: "http://localhost:8080/en/users/login?redirect=%2Fen%3Fq%3D%2Fen%26"
willowcms-1  | NOTICE: PHP message: PHP Warning:  Constant ROOT already defined in /var/www/html/config/paths.php on line 31
willowcms-1  | NOTICE: PHP message: PHP Warning:  Constant APP_DIR already defined in /var/www/html/config/paths.php on line 37
willowcms-1  | NOTICE: PHP message: PHP Warning:  Constant APP already defined in /var/www/html/config/paths.php on line 42
willowcms-1  | NOTICE: PHP message: PHP Warning:  Constant CONFIG already defined in /var/www/html/config/paths.php on line 47
willowcms-1  | NOTICE: PHP message: PHP Warning:  Constant WWW_ROOT already defined in /var/www/html/config/paths.php on line 56
willowcms-1  | NOTICE: PHP message: PHP Warning:  Constant TESTS already defined in /var/www/html/config/paths.php on line 61
willowcms-1  | NOTICE: PHP message: PHP Warning:  Constant TMP already defined in /var/www/html/config/paths.php on line 66
willowcms-1  | NOTICE: PHP message: PHP Warning:  Constant LOGS already defined in /var/www/html/config/paths.php on line 71
willowcms-1  | NOTICE: PHP message: PHP Warning:  Constant CACHE already defined in /var/www/html/config/paths.php on line 76
willowcms-1  | NOTICE: PHP message: PHP Warning:  Constant RESOURCES already defined in /var/www/html/config/paths.php on line 81
willowcms-1  | NOTICE: PHP message: PHP Warning:  Constant CAKE_CORE_INCLUDE_PATH already defined in /var/www/html/config/paths.php on line 88
willowcms-1  | NOTICE: PHP message: PHP Warning:  Constant CORE_PATH already defined in /var/www/html/config/paths.php on line 93
willowcms-1  | NOTICE: PHP message: PHP Warning:  Constant CAKE already defined in /var/www/html/config/paths.php on line 94
willowcms-1  | NOTICE: PHP message: PHP Warning:  Constant TIME_START already defined in /var/www/html/vendor/cakephp/cakephp/config/bootstrap.php on line 18
willowcms-1  | 2025/09/06 12:28:45 [error] 16#16: *61 FastCGI sent in stderr: "PHP message: PHP Warning:  Constant ROOT already defined in /var/www/html/config/paths.php on line 31; PHP message: PHP Warning:  Constant APP_DIR already defined in /var/www/html/config/paths.php on line 37; PHP message: PHP Warning:  Constant APP already defined in /var/www/html/config/paths.php on line 42; PHP message: PHP Warning:  Constant CONFIG already defined in /var/www/html/config/paths.php on line 47; PHP message: PHP Warning:  Constant WWW_ROOT already defined in /var/www/html/config/paths.php on line 56; PHP message: PHP Warning:  Constant TESTS already defined in /var/www/html/config/paths.php on line 61; PHP message: PHP Warning:  Constant TMP already defined in /var/www/html/config/paths.php on line 66; PHP message: PHP Warning:  Constant LOGS already defined in /var/www/html/config/paths.php on line 71; PHP message: PHP Warning:  Constant CACHE already defined in /var/www/html/config/paths.php on line 76; PHP message: PHP Warning:  Constant RESOURCES already defined in /var/www/html/config/paths.php on line 81; PHP message: PHP Warning:  Constant CAKE_CORE_INCLUDE_PATH already defined in /var/www/html/config/paths.php on line 88; PHP message: PHP Warning:  Constant CORE_PATH already defined in /var/www/html/config/paths.php on line 93; PHP message: PHP Warning:  Constant CAKE already defined in /var/www/html/config/paths.php on line 94; PHP message: PHP Warning:  Constant TIME_START already defined in /var/www/html/vendor/cakephp/cakephp/config/bootstrap.php on line 18" while reading response header from upstream, client: 151.101.162.132, server: , request: "GET /en/users/login?redirect=%2Fen%3Fq%3D%2Fen%26 HTTP/1.1", upstream: "fastcgi://unix:/run/php-fpm.sock:", host: "localhost:8080"
willowcms-1  | NOTICE: PHP message: PHP Warning:  Constant ROOT already defined in /var/www/html/config/paths.php on line 31
willowcms-1  | NOTICE: PHP message: PHP Warning:  Constant APP_DIR already defined in /var/www/html/config/paths.php on line 37
willowcms-1  | NOTICE: PHP message: PHP Warning:  Constant APP already defined in /var/www/html/config/paths.php on line 42
willowcms-1  | NOTICE: PHP message: PHP Warning:  Constant CONFIG already defined in /var/www/html/config/paths.php on line 47
willowcms-1  | NOTICE: PHP message: PHP Warning:  Constant WWW_ROOT already defined in /var/www/html/config/paths.php on line 56
willowcms-1  | NOTICE: PHP message: PHP Warning:  Constant TESTS already defined in /var/www/html/config/paths.php on line 61
willowcms-1  | NOTICE: PHP message: PHP Warning:  Constant TMP already defined in /var/www/html/config/paths.php on line 66
willowcms-1  | NOTICE: PHP message: PHP Warning:  Constant LOGS already defined in /var/www/html/config/paths.php on line 71
willowcms-1  | NOTICE: PHP message: PHP Warning:  Constant CACHE already defined in /var/www/html/config/paths.php on line 76
willowcms-1  | NOTICE: PHP message: PHP Warning:  Constant RESOURCES already defined in /var/www/html/config/paths.php on line 81
willowcms-1  | NOTICE: PHP message: PHP Warning:  Constant CAKE_CORE_INCLUDE_PATH already defined in /var/www/html/config/paths.php on line 88
willowcms-1  | NOTICE: PHP message: PHP Warning:  Constant CORE_PATH already defined in /var/www/html/config/paths.php on line 93
willowcms-1  | NOTICE: PHP message: PHP Warning:  Constant CAKE already defined in /var/www/html/config/paths.php on line 94
willowcms-1  | NOTICE: PHP message: PHP Warning:  Constant TIME_START already defined in /var/www/html/vendor/cakephp/cakephp/config/bootstrap.php on line 18
willowcms-1  | NOTICE: PHP message: PHP Warning:  Constant ROOT already defined in /var/www/html/config/paths.php on line 31
willowcms-1  | NOTICE: PHP message: PHP Warning:  Constant APP_DIR already defined in /var/www/html/config/paths.php on line 37
willowcms-1  | NOTICE: PHP message: PHP Warning:  Constant APP already defined in /var/www/html/config/paths.php on line 42
willowcms-1  | NOTICE: PHP message: PHP Warning:  Constant CONFIG already defined in /var/www/html/config/paths.php on line 47
willowcms-1  | NOTICE: PHP message: PHP Warning:  Constant WWW_ROOT already defined in /var/www/html/config/paths.php on line 56
willowcms-1  | NOTICE: PHP message: PHP Warning:  Constant TESTS already defined in /var/www/html/config/paths.php on line 61
willowcms-1  | NOTICE: PHP message: PHP Warning:  Constant TMP already defined in /var/www/html/config/paths.php on line 66
willowcms-1  | NOTICE: PHP message: PHP Warning:  Constant LOGS already defined in /var/www/html/config/paths.php on line 71
willowcms-1  | NOTICE: PHP message: PHP Warning:  Constant CACHE already defined in /var/www/html/config/paths.php on line 76
willowcms-1  | NOTICE: PHP message: PHP Warning:  Constant RESOURCES already defined in /var/www/html/config/paths.php on line 81
willowcms-1  | NOTICE: PHP message: PHP Warning:  Constant CAKE_CORE_INCLUDE_PATH already defined in /var/www/html/config/paths.php on line 88
willowcms-1  | NOTICE: PHP message: PHP Warning:  Constant CORE_PATH already defined in /var/www/html/config/paths.php on line 93
willowcms-1  | NOTICE: PHP message: PHP Warning:  Constant CAKE already defined in /var/www/html/config/paths.php on line 94
willowcms-1  | NOTICE: PHP message: PHP Warning:  Constant TIME_START already defined in /var/www/html/vendor/cakephp/cakephp/config/bootstrap.php on line 18
willowcms-1  | 2025/09/06 12:28:45 [error] 14#14: *66 FastCGI sent in stderr: "PHP message: PHP Warning:  Constant ROOT already defined in /var/www/html/config/paths.php on line 31; PHP message: PHP Warning:  Constant APP_DIR already defined in /var/www/html/config/paths.php on line 37; PHP message: PHP Warning:  Constant APP already defined in /var/www/html/config/paths.php on line 42; PHP message: PHP Warning:  Constant CONFIG already defined in /var/www/html/config/paths.php on line 47; PHP message: PHP Warning:  Constant WWW_ROOT already defined in /var/www/html/config/paths.php on line 56; PHP message: PHP Warning:  Constant TESTS already defined in /var/www/html/config/paths.php on line 61; PHP message: PHP Warning:  Constant TMP already defined in /var/www/html/config/paths.php on line 66; PHP message: PHP Warning:  Constant LOGS already defined in /var/www/html/config/paths.php on line 71; PHP message: PHP Warning:  Constant CACHE already defined in /var/www/html/config/paths.php on line 76; PHP message: PHP Warning:  Constant RESOURCES already defined in /var/www/html/config/paths.php on line 81; PHP message: PHP Warning:  Constant CAKE_CORE_INCLUDE_PATH already defined in /var/www/html/config/paths.php on line 88; PHP message: PHP Warning:  Constant CORE_PATH already defined in /var/www/html/config/paths.php on line 93; PHP message: PHP Warning:  Constant CAKE already defined in /var/www/html/config/paths.php on line 94; PHP message: PHP Warning:  Constant TIME_START already defined in /var/www/html/vendor/cakephp/cakephp/config/bootstrap.php on line 18" while reading response header from upstream, client: 151.101.162.132, server: , request: "GET /js/youtube-gdpr.js HTTP/1.1", upstream: "fastcgi://unix:/run/php-fpm.sock:", host: "localhost:8080", referrer: "http://localhost:8080/en/users/login?redirect=%2Fen%3Fq%3D%2Fen%26"
willowcms-1  | 2025/09/06 12:28:45 [error] 16#16: *61 FastCGI sent in stderr: "PHP message: PHP Warning:  Constant ROOT already defined in /var/www/html/config/paths.php on line 31; PHP message: PHP Warning:  Constant APP_DIR already defined in /var/www/html/config/paths.php on line 37; PHP message: PHP Warning:  Constant APP already defined in /var/www/html/config/paths.php on line 42; PHP message: PHP Warning:  Constant CONFIG already defined in /var/www/html/config/paths.php on line 47; PHP message: PHP Warning:  Constant WWW_ROOT already defined in /var/www/html/config/paths.php on line 56; PHP message: PHP Warning:  Constant TESTS already defined in /var/www/html/config/paths.php on line 61; PHP message: PHP Warning:  Constant TMP already defined in /var/www/html/config/paths.php on line 66; PHP message: PHP Warning:  Constant LOGS already defined in /var/www/html/config/paths.php on line 71; PHP message: PHP Warning:  Constant CACHE already defined in /var/www/html/config/paths.php on line 76; PHP message: PHP Warning:  Constant RESOURCES already defined in /var/www/html/config/paths.php on line 81; PHP message: PHP Warning:  Constant CAKE_CORE_INCLUDE_PATH already defined in /var/www/html/config/paths.php on line 88; PHP message: PHP Warning:  Constant CORE_PATH already defined in /var/www/html/config/paths.php on line 93; PHP message: PHP Warning:  Constant CAKE already defined in /var/www/html/config/paths.php on line 94; PHP message: PHP Warning:  Constant TIME_START already defined in /var/www/html/vendor/cakephp/cakephp/config/bootstrap.php on line 18" while reading response header from upstream, client: 151.101.162.132, server: , request: "GET /js/willow-modal.js HTTP/1.1", upstream: "fastcgi://unix:/run/php-fpm.sock:", host: "localhost:8080", referrer: "http://localhost:8080/en/users/login?redirect=%2Fen%3Fq%3D%2Fen%26"
willowcms-1  | NOTICE: PHP message: PHP Warning:  Constant ROOT already defined in /var/www/html/config/paths.php on line 31
willowcms-1  | NOTICE: PHP message: PHP Warning:  Constant APP_DIR already defined in /var/www/html/config/paths.php on line 37
willowcms-1  | NOTICE: PHP message: PHP Warning:  Constant APP already defined in /var/www/html/config/paths.php on line 42
willowcms-1  | NOTICE: PHP message: PHP Warning:  Constant CONFIG already defined in /var/www/html/config/paths.php on line 47
willowcms-1  | NOTICE: PHP message: PHP Warning:  Constant WWW_ROOT already defined in /var/www/html/config/paths.php on line 56
willowcms-1  | NOTICE: PHP message: PHP Warning:  Constant TESTS already defined in /var/www/html/config/paths.php on line 61
willowcms-1  | NOTICE: PHP message: PHP Warning:  Constant TMP already defined in /var/www/html/config/paths.php on line 66
willowcms-1  | NOTICE: PHP message: PHP Warning:  Constant LOGS already defined in /var/www/html/config/paths.php on line 71
willowcms-1  | NOTICE: PHP message: PHP Warning:  Constant CACHE already defined in /var/www/html/config/paths.php on line 76
willowcms-1  | NOTICE: PHP message: PHP Warning:  Constant RESOURCES already defined in /var/www/html/config/paths.php on line 81
willowcms-1  | NOTICE: PHP message: PHP Warning:  Constant CAKE_CORE_INCLUDE_PATH already defined in /var/www/html/config/paths.php on line 88
willowcms-1  | NOTICE: PHP message: PHP Warning:  Constant CORE_PATH already defined in /var/www/html/config/paths.php on line 93
willowcms-1  | NOTICE: PHP message: PHP Warning:  Constant CAKE already defined in /var/www/html/config/paths.php on line 94
willowcms-1  | NOTICE: PHP message: PHP Warning:  Constant TIME_START already defined in /var/www/html/vendor/cakephp/cakephp/config/bootstrap.php on line 18
willowcms-1  | 2025/09/06 12:30:29 [error] 16#16: *75 FastCGI sent in stderr: "PHP message: PHP Warning:  Constant ROOT already defined in /var/www/html/config/paths.php on line 31; PHP message: PHP Warning:  Constant APP_DIR already defined in /var/www/html/config/paths.php on line 37; PHP message: PHP Warning:  Constant APP already defined in /var/www/html/config/paths.php on line 42; PHP message: PHP Warning:  Constant CONFIG already defined in /var/www/html/config/paths.php on line 47; PHP message: PHP Warning:  Constant WWW_ROOT already defined in /var/www/html/config/paths.php on line 56; PHP message: PHP Warning:  Constant TESTS already defined in /var/www/html/config/paths.php on line 61; PHP message: PHP Warning:  Constant TMP already defined in /var/www/html/config/paths.php on line 66; PHP message: PHP Warning:  Constant LOGS already defined in /var/www/html/config/paths.php on line 71; PHP message: PHP Warning:  Constant CACHE already defined in /var/www/html/config/paths.php on line 76; PHP message: PHP Warning:  Constant RESOURCES already defined in /var/www/html/config/paths.php on line 81; PHP message: PHP Warning:  Constant CAKE_CORE_INCLUDE_PATH already defined in /var/www/html/config/paths.php on line 88; PHP message: PHP Warning:  Constant CORE_PATH already defined in /var/www/html/config/paths.php on line 93; PHP message: PHP Warning:  Constant CAKE already defined in /var/www/html/config/paths.php on line 94; PHP message: PHP Warning:  Constant TIME_START already defined in /var/www/html/vendor/cakephp/cakephp/config/bootstrap.php on line 18" while reading response header from upstream, client: 151.101.162.132, server: , request: "HEAD / HTTP/1.1", upstream: "fastcgi://unix:/run/php-fpm.sock:", host: "localhost:8080"
