--- Copying files at Sat Sep 20 21:21:17 UTC 2025
INSTALLED plugins/pipeline-milestone-step.jpi : 138.v78ca_76831a_43
INSTALLED plugins/ionicons-api.jpi : 94.vcc3065403257
INSTALLED plugins/gson-api.jpi : 2.13.2-173.va_a_092315913c
INSTALLED plugins/junit.jpi : 1355.v45e2ea_65863c
INSTALLED plugins/commons-lang3-api.jpi : 3.18.0-98.v3a_674c06072d
INSTALLED plugins/jakarta-activation-api.jpi : 2.1.3-2
INSTALLED plugins/script-security.jpi : 1378.vf25626395f49
INSTALLED plugins/pipeline-stage-step.jpi : 322.vecffa_99f371c
INSTALLED plugins/workflow-multibranch.jpi : 821.vc3b_4ea_780798
INSTALLED plugins/instance-identity.jpi : 203.v15e81a_1b_7a_38
INSTALLED plugins/pipeline-input-step.jpi : 534.v352f0a_e98918
INSTALLED plugins/workflow-api.jpi : 1384.vdc05a_48f535f
INSTALLED plugins/branch-api.jpi : 2.1244.vf95c81f1641c
INSTALLED plugins/workflow-durable-task-step.jpi : 1464.v2d3f5c68f84c
INSTALLED plugins/matrix-project.jpi : 858.vb_b_eb_9a_7ea_99e
INSTALLED plugins/prism-api.jpi : 1.30.0-609.vf0a_df102d9a_f
INSTALLED plugins/display-url-api.jpi : 2.217.va_6b_de84cc74b_
INSTALLED plugins/credentials-binding.jpi : 702.vfe613e537e88
INSTALLED plugins/apache-httpcomponents-client-4-api.jpi : 4.5.14-269.vfa_2321039a_83
INSTALLED plugins/build-timeout.jpi : 1.38
INSTALLED plugins/cloudbees-folder.jpi : 6.1042.v37b_8229708e4
INSTALLED plugins/token-macro.jpi : 477.vd4f0dc3cb_cf1
INSTALLED plugins/workflow-basic-steps.jpi : 1079.vce64b_a_929c5a_
INSTALLED plugins/credentials.jpi : 1447.v4cb_b_539b_5321
INSTALLED plugins/bootstrap5-api.jpi : 5.3.8-876.vb_c62a_27d9a_77
INSTALLED plugins/pipeline-model-definition.jpi : 2.2273.v643f36ed9e94
INSTALLED plugins/mina-sshd-api-core.jpi : 2.16.0-167.va_269f38cc024
INSTALLED plugins/caffeine-api.jpi : 3.2.2-178.v353b_8428ed56
INSTALLED plugins/jakarta-mail-api.jpi : 2.1.3-3
INSTALLED plugins/joda-time-api.jpi : 2.14.0-149.v1c3ce991d1b_9
INSTALLED plugins/pipeline-groovy-lib.jpi : 752.vdddedf804e72
INSTALLED plugins/workflow-job.jpi : 1546.v62a_c59c112dd
INSTALLED plugins/mina-sshd-api-common.jpi : 2.16.0-167.va_269f38cc024
INSTALLED plugins/jackson2-api.jpi : 2.20.0-411.v6ef8fdee4fe9
INSTALLED plugins/workflow-cps.jpi : 4183.v94b_6fd39da_c1
INSTALLED plugins/pipeline-model-extensions.jpi : 2.2273.v643f36ed9e94
INSTALLED plugins/antisamy-markup-formatter.jpi : 173.v680e3a_b_69ff3
INSTALLED plugins/json-api.jpi : 20250517-173.v596efb_962a_31
INSTALLED plugins/mailer.jpi : 522.va_995fa_cfb_8b_d
INSTALLED plugins/snakeyaml-api.jpi : 2.3-125.v4d77857a_b_402
INSTALLED plugins/pipeline-stage-tags-metadata.jpi : 2.2273.v643f36ed9e94
INSTALLED plugins/structs.jpi : 353.v261ea_40a_80fb_
INSTALLED plugins/javax-activation-api.jpi : 1.2.0-8
INSTALLED plugins/configuration-as-code.jpi : 1985.vdda_32d0c4ea_b_
INSTALLED plugins/resource-disposer.jpi : 0.25
INSTALLED plugins/bouncycastle-api.jpi : 2.30.1.81-264.v95c79c0e772c
INSTALLED plugins/workflow-support.jpi : 989.va_20a_1a_57710a_
INSTALLED plugins/checks-api.jpi : 373.vfe7645102093
INSTALLED plugins/commons-text-api.jpi : 1.14.0-194.v804a_dc3a_1b_d8
INSTALLED plugins/timestamper.jpi : 1.30
INSTALLED plugins/plain-credentials.jpi : 199.v9f8e1f741799
INSTALLED plugins/pipeline-build-step.jpi : 571.v08a_fffd4b_0ce
INSTALLED plugins/workflow-scm-step.jpi : 452.vdf1ca_c8d3a_87
INSTALLED plugins/variant.jpi : 70.va_d9f17f859e0
INSTALLED plugins/asm-api.jpi : 9.8-163.vb_2a_96d3f9c3c
INSTALLED plugins/git-client.jpi : 6.4.0
INSTALLED plugins/ssh-credentials.jpi : 361.vb_f6760818e8c
INSTALLED plugins/jaxb.jpi : 2.3.9-133.vb_ec76a_73f706
INSTALLED plugins/font-awesome-api.jpi : 7.0.1-859.v128d3a_efb_6e5
INSTALLED plugins/jquery3-api.jpi : 3.7.1-594.vb_3864f326cf0
INSTALLED plugins/json-path-api.jpi : 2.9.0-190.veefca_05d5477
INSTALLED plugins/workflow-step-api.jpi : 706.v518c5dcb_24c0
INSTALLED plugins/job-dsl.jpi : 1.93
INSTALLED plugins/git.jpi : 5.7.0
INSTALLED plugins/scm-api.jpi : 707.v749f968369d4
INSTALLED plugins/ws-cleanup.jpi : 0.49
INSTALLED plugins/workflow-aggregator.jpi : 608.v67378e9d3db_1
INSTALLED plugins/pipeline-model-api.jpi : 2.2273.v643f36ed9e94
INSTALLED plugins/echarts-api.jpi : 6.0.0-1146.v5c8f3b_8f0573
INSTALLED plugins/plugin-util-api.jpi : 6.1167.v022176c7e0ca_
INSTALLED plugins/durable-task.jpi : 605.v9a_b_9040c9970
INSTALLED plugins.txt
--- Copied files finished at Sat Sep 20 21:21:21 UTC 2025
--- Copying files at Sat Sep 20 21:22:03 UTC 2025
--- Copied files finished at Sat Sep 20 21:22:06 UTC 2025
--- Copying files at Sat Sep 20 21:42:48 UTC 2025
--- Copied files finished at Sat Sep 20 21:42:49 UTC 2025
--- Copying files at Sat Sep 20 21:47:41 UTC 2025
--- Copied files finished at Sat Sep 20 21:47:43 UTC 2025
--- Copying files at Sat Sep 20 22:14:37 UTC 2025
--- Copied files finished at Sat Sep 20 22:14:40 UTC 2025
