2025-09-09 16:17:54: Exception occurred while logging: Connection to Mysql could not be established: SQLSTATE[HY000] [2002] Connection refused
2025-09-09 16:18:00: Exception occurred while logging: Connection to Mysql could not be established: SQLSTATE[HY000] [2002] Connection refused
2025-09-10 02:33:03: Exception occurred while logging: SQLSTATE[HY000]: General error: 2006 MySQL server has gone away
2025-09-10 02:33:03: Exception occurred while logging: SQLSTATE[HY000]: General error: 2006 MySQL server has gone away
2025-09-17 11:14:21: Exception occurred while logging: Connection to Mysql could not be established: SQLSTATE[HY000] [2002] Connection refused
2025-09-17 14:29:01: Exception occurred while logging: SQLSTATE[HY000]: General error: 2006 MySQL server has gone away
2025-09-17 14:29:01: Exception occurred while logging: SQLSTATE[HY000]: General error: 2006 MySQL server has gone away
2025-09-17 14:32:21: Exception occurred while logging: SQLSTATE[HY000]: General error: 2006 MySQL server has gone away
2025-09-17 14:32:21: Exception occurred while logging: Connection to Mysql could not be established: SQLSTATE[HY000] [2002] Connection refused
2025-09-17 22:24:56: Exception occurred while logging: SQLSTATE[HY000]: General error: 2006 MySQL server has gone away
2025-09-17 22:24:57: Exception occurred while logging: Connection to Mysql could not be established: SQLSTATE[HY000] [2002] Connection refused
2025-09-17 23:27:31: Exception occurred while logging: Connection to Mysql could not be established: SQLSTATE[HY000] [2002] php_network_getaddresses: getaddrinfo for mysql failed: Name does not resolve
2025-09-17 23:40:48: Exception occurred while logging: Connection to Mysql could not be established: SQLSTATE[HY000] [2002] Connection refused
2025-09-17 23:40:49: Exception occurred while logging: Connection to Mysql could not be established: SQLSTATE[HY000] [2002] Connection refused
2025-09-17 23:40:49: Exception occurred while logging: Connection to Mysql could not be established: SQLSTATE[HY000] [2002] Connection refused
2025-09-17 23:40:50: Exception occurred while logging: Connection to Mysql could not be established: SQLSTATE[HY000] [2002] Connection refused
2025-09-17 23:40:51: Exception occurred while logging: Connection to Mysql could not be established: SQLSTATE[HY000] [2002] Connection refused
2025-09-20 01:07:24: Exception occurred while logging: Connection to Mysql could not be established: SQLSTATE[HY000] [2002] Connection refused
2025-09-20 02:08:25: Exception occurred while logging: Could not describe columns on `system_logs`
2025-09-20 02:08:25: Exception occurred while logging: Could not describe columns on `system_logs`
2025-09-20 02:08:27: Exception occurred while logging: Could not describe columns on `system_logs`
2025-09-20 02:08:27: Exception occurred while logging: Could not describe columns on `system_logs`
2025-09-20 02:08:27: Exception occurred while logging: Could not describe columns on `system_logs`
2025-09-20 02:08:27: Exception occurred while logging: Could not describe columns on `system_logs`
2025-09-20 02:08:29: Exception occurred while logging: Could not describe columns on `system_logs`
2025-09-20 02:08:29: Exception occurred while logging: Could not describe columns on `system_logs`
2025-09-20 03:26:46: Exception occurred while logging: Connection to Mysql could not be established: SQLSTATE[HY000] [1524] Plugin 'mysql_native_password' is not loaded
2025-09-20 03:26:46: Exception occurred while logging: Connection to Mysql could not be established: SQLSTATE[HY000] [1524] Plugin 'mysql_native_password' is not loaded
2025-09-20 03:26:47: Exception occurred while logging: Connection to Mysql could not be established: SQLSTATE[HY000] [1524] Plugin 'mysql_native_password' is not loaded
2025-09-20 03:29:23: Exception occurred while logging: Connection to Mysql could not be established: SQLSTATE[HY000] [1524] Plugin 'mysql_native_password' is not loaded
2025-09-20 03:29:24: Exception occurred while logging: Connection to Mysql could not be established: SQLSTATE[HY000] [1524] Plugin 'mysql_native_password' is not loaded
2025-09-20 03:29:24: Exception occurred while logging: Connection to Mysql could not be established: SQLSTATE[HY000] [1524] Plugin 'mysql_native_password' is not loaded
2025-09-20 03:29:50: Exception occurred while logging: Connection to Mysql could not be established: SQLSTATE[HY000] [1524] Plugin 'mysql_native_password' is not loaded
2025-09-20 03:29:50: Exception occurred while logging: Connection to Mysql could not be established: SQLSTATE[HY000] [1524] Plugin 'mysql_native_password' is not loaded
2025-09-20 03:29:50: Exception occurred while logging: Connection to Mysql could not be established: SQLSTATE[HY000] [1524] Plugin 'mysql_native_password' is not loaded
2025-09-20 03:59:00: Exception occurred while logging: Connection to Mysql could not be established: SQLSTATE[HY000] [1524] Plugin 'mysql_native_password' is not loaded
2025-09-20 03:59:00: Exception occurred while logging: Connection to Mysql could not be established: SQLSTATE[HY000] [1524] Plugin 'mysql_native_password' is not loaded
2025-09-20 03:59:00: Exception occurred while logging: Connection to Mysql could not be established: SQLSTATE[HY000] [1524] Plugin 'mysql_native_password' is not loaded
2025-09-20 03:59:17: Exception occurred while logging: Connection to Mysql could not be established: SQLSTATE[HY000] [1524] Plugin 'mysql_native_password' is not loaded
2025-09-20 03:59:17: Exception occurred while logging: Connection to Mysql could not be established: SQLSTATE[HY000] [1524] Plugin 'mysql_native_password' is not loaded
2025-09-20 03:59:18: Exception occurred while logging: Connection to Mysql could not be established: SQLSTATE[HY000] [1524] Plugin 'mysql_native_password' is not loaded
2025-09-20 04:00:51: Exception occurred while logging: Connection to Mysql could not be established: SQLSTATE[HY000] [1524] Plugin 'mysql_native_password' is not loaded
2025-09-20 04:00:51: Exception occurred while logging: Connection to Mysql could not be established: SQLSTATE[HY000] [1524] Plugin 'mysql_native_password' is not loaded
2025-09-20 04:00:51: Exception occurred while logging: Connection to Mysql could not be established: SQLSTATE[HY000] [1524] Plugin 'mysql_native_password' is not loaded
2025-09-20 04:00:52: Exception occurred while logging: Connection to Mysql could not be established: SQLSTATE[HY000] [1524] Plugin 'mysql_native_password' is not loaded
2025-09-20 04:00:52: Exception occurred while logging: Connection to Mysql could not be established: SQLSTATE[HY000] [1524] Plugin 'mysql_native_password' is not loaded
2025-09-20 04:01:29: Exception occurred while logging: Connection to Mysql could not be established: SQLSTATE[HY000] [1045] Access denied for user 'cms_demo_user'@'172.19.0.5' (using password: YES)
2025-09-20 04:01:29: Exception occurred while logging: Connection to Mysql could not be established: SQLSTATE[HY000] [1045] Access denied for user 'cms_demo_user'@'172.19.0.5' (using password: YES)
2025-09-20 04:01:29: Exception occurred while logging: Connection to Mysql could not be established: SQLSTATE[HY000] [1045] Access denied for user 'cms_demo_user'@'172.19.0.5' (using password: YES)
2025-09-20 04:03:17: Exception occurred while logging: Connection to Mysql could not be established: SQLSTATE[HY000] [1524] Plugin 'mysql_native_password' is not loaded
2025-09-20 04:03:17: Exception occurred while logging: Connection to Mysql could not be established: SQLSTATE[HY000] [1524] Plugin 'mysql_native_password' is not loaded
2025-09-20 04:03:18: Exception occurred while logging: Connection to Mysql could not be established: SQLSTATE[HY000] [1524] Plugin 'mysql_native_password' is not loaded
2025-09-20 04:04:29: Exception occurred while logging: Connection to Mysql could not be established: SQLSTATE[HY000] [1524] Plugin 'mysql_native_password' is not loaded
2025-09-20 04:04:29: Exception occurred while logging: Connection to Mysql could not be established: SQLSTATE[HY000] [1524] Plugin 'mysql_native_password' is not loaded
2025-09-20 04:04:29: Exception occurred while logging: Connection to Mysql could not be established: SQLSTATE[HY000] [1524] Plugin 'mysql_native_password' is not loaded
2025-09-20 04:05:15: Exception occurred while logging: Connection to Mysql could not be established: SQLSTATE[HY000] [1524] Plugin 'mysql_native_password' is not loaded
2025-09-20 04:05:15: Exception occurred while logging: Connection to Mysql could not be established: SQLSTATE[HY000] [1524] Plugin 'mysql_native_password' is not loaded
2025-09-20 04:05:15: Exception occurred while logging: Connection to Mysql could not be established: SQLSTATE[HY000] [1524] Plugin 'mysql_native_password' is not loaded
2025-09-20 04:09:17: Exception occurred while logging: SQLSTATE[42S02]: Base table or view not found: 1146 Table 'willowcms_demo.system_logs' doesn't exist
Query: INSERT INTO system_logs (level, message, context, created, group_name, id) VALUES ('debug', 'Since 5.0.0: Query::order() is deprecated. Use Query::orderBy() instead.
/var/www/html/src/Controller/HomeController.php, line: 74
You can disable all deprecation warnings by setting `Error.errorLevel` to `E_ALL & ~E_USER_DEPRECATED`. Adding `src/Controller/HomeController.php` to `Error.ignoredDeprecationPaths` in your `config/app.php` config will mute deprecations from that file only. in /var/www/html/vendor/cakephp/cakephp/src/Core/functions.php on line 377
Trace:
Cake\\Error\\ErrorTrap->handleError() [internal], line ??
/var/www/html/vendor/cakephp/cakephp/src/Core/functions.php /var/www/html/vendor/cakephp/cakephp/src/Core/functions.php, line 377
/var/www/html/vendor/cakephp/cakephp/src/Database/Query.php /var/www/html/vendor/cakephp/cakephp/src/Database/Query.php, line 1171
Cake\\Database\\Query->order() /var/www/html/src/Controller/HomeController.php, line 74
App\\Controller\\HomeController->index() /var/www/html/vendor/cakephp/cakephp/src/Controller/Controller.php, line 505
Cake\\Controller\\Controller->invokeAction() /var/www/html/vendor/cakephp/cakephp/src/Controller/ControllerFactory.php, line 166
Cake\\Controller\\ControllerFactory->handle() /var/www/html/vendor/cakephp/cakephp/src/Controller/ControllerFactory.php, line 141
Cake\\Controller\\ControllerFactory->invoke() /var/www/html/vendor/cakephp/cakephp/src/Http/BaseApplication.php, line 362
Cake\\Http\\BaseApplication->handle() /var/www/html/vendor/cakephp/cakephp/src/Http/Runner.php, line 86
Cake\\Http\\Runner->handle() /var/www/html/src/Middleware/RateLimitMiddleware.php, line 148
App\\Middleware\\RateLimitMiddleware->process() /var/www/html/vendor/cakephp/cakephp/src/Http/Runner.php, line 82
Cake\\Http\\Runner->handle() /var/www/html/src/Middleware/IpBlockerMiddleware.php, line 107
App\\Middleware\\IpBlockerMiddleware->process() /var/www/html/vendor/cakephp/cakephp/src/Http/Runner.php, line 82
Cake\\Http\\Runner->handle() /var/www/html/vendor/cakephp/cakephp/src/Http/Middleware/CsrfProtectionMiddleware.php, line 159
Cake\\Http\\Middleware\\CsrfProtectionMiddleware->process() /var/www/html/src/Middleware/ApiCsrfMiddleware.php, line 48
App\\Middleware\\ApiCsrfMiddleware->process() /var/www/html/vendor/cakephp/cakephp/src/Http/Runner.php, line 82
Cake\\Http\\Runner->handle() /var/www/html/vendor/cakephp/authorization/src/Middleware/AuthorizationMiddleware.php, line 136
Authorization\\Middleware\\AuthorizationMiddleware->process() /var/www/html/vendor/cakephp/cakephp/src/Http/Runner.php, line 82
Cake\\Http\\Runner->handle() /var/www/html/vendor/cakephp/authentication/src/Middleware/AuthenticationMiddleware.php, line 106
Authentication\\Middleware\\AuthenticationMiddleware->process() /var/www/html/vendor/cakephp/cakephp/src/Http/Runner.php, line 82
Cake\\Http\\Runner->handle() /var/www/html/vendor/cakephp/cakephp/src/Http/Middleware/BodyParserMiddleware.php, line 157
Cake\\Http\\Middleware\\BodyParserMiddleware->process() /var/www/html/vendor/cakephp/cakephp/src/Http/Runner.php, line 82
Cake\\Http\\Runner->handle() /var/www/html/vendor/admad/cakephp-i18n/src/Middleware/I18nMiddleware.php, line 110
ADmad\\I18n\\Middleware\\I18nMiddleware->process() /var/www/html/vendor/cakephp/cakephp/src/Http/Runner.php, line 82
Cake\\Http\\Runner->handle() /var/www/html/vendor/cakephp/cakephp/src/Routing/Middleware/RoutingMiddleware.php, line 117
Cake\\Routing\\Middleware\\RoutingMiddleware->process() /var/www/html/vendor/cakephp/cakephp/src/Http/Runner.php, line 82
Cake\\Http\\Runner->handle() /var/www/html/vendor/cakephp/cakephp/src/Routing/Middleware/AssetMiddleware.php, line 70
Cake\\Routing\\Middleware\\AssetMiddleware->process() /var/www/html/vendor/cakephp/cakephp/src/Http/Runner.php, line 82
Cake\\Http\\Runner->handle() /var/www/html/vendor/cakephp/cakephp/src/Error/Middleware/ErrorHandlerMiddleware.php, line 115
Cake\\Error\\Middleware\\ErrorHandlerMiddleware->process() /var/www/html/vendor/cakephp/cakephp/src/Http/Runner.php, line 82
Cake\\Http\\Runner->handle() /var/www/html/vendor/cakephp/cakephp/src/Http/Runner.php, line 60
Cake\\Http\\Runner->run() /var/www/html/vendor/cakephp/cakephp/src/Http/Server.php, line 104
Cake\\Http\\Server->run() /var/www/html/webroot/index.php, line 31
[main]

Request URL: /en?q=/en&
Client IP: 192.168.65.1', '{"scope":[]}', '2025-09-20 04:09:17', 'general', '0b7b9603-fa7d-4b75-9c6c-6f9f098d066a')
2025-09-20 04:09:17: Exception occurred while logging: SQLSTATE[42S02]: Base table or view not found: 1146 Table 'willowcms_demo.system_logs' doesn't exist
Query: INSERT INTO system_logs (level, message, context, created, group_name, id) VALUES ('debug', 'Since 5.0.0: Query::order() is deprecated. Use Query::orderBy() instead.
/var/www/html/src/Controller/HomeController.php, line: 83
You can disable all deprecation warnings by setting `Error.errorLevel` to `E_ALL & ~E_USER_DEPRECATED`. Adding `src/Controller/HomeController.php` to `Error.ignoredDeprecationPaths` in your `config/app.php` config will mute deprecations from that file only. in /var/www/html/vendor/cakephp/cakephp/src/Core/functions.php on line 377
Trace:
Cake\\Error\\ErrorTrap->handleError() [internal], line ??
/var/www/html/vendor/cakephp/cakephp/src/Core/functions.php /var/www/html/vendor/cakephp/cakephp/src/Core/functions.php, line 377
/var/www/html/vendor/cakephp/cakephp/src/Database/Query.php /var/www/html/vendor/cakephp/cakephp/src/Database/Query.php, line 1171
Cake\\Database\\Query->order() /var/www/html/src/Controller/HomeController.php, line 83
App\\Controller\\HomeController->index() /var/www/html/vendor/cakephp/cakephp/src/Controller/Controller.php, line 505
Cake\\Controller\\Controller->invokeAction() /var/www/html/vendor/cakephp/cakephp/src/Controller/ControllerFactory.php, line 166
Cake\\Controller\\ControllerFactory->handle() /var/www/html/vendor/cakephp/cakephp/src/Controller/ControllerFactory.php, line 141
Cake\\Controller\\ControllerFactory->invoke() /var/www/html/vendor/cakephp/cakephp/src/Http/BaseApplication.php, line 362
Cake\\Http\\BaseApplication->handle() /var/www/html/vendor/cakephp/cakephp/src/Http/Runner.php, line 86
Cake\\Http\\Runner->handle() /var/www/html/src/Middleware/RateLimitMiddleware.php, line 148
App\\Middleware\\RateLimitMiddleware->process() /var/www/html/vendor/cakephp/cakephp/src/Http/Runner.php, line 82
Cake\\Http\\Runner->handle() /var/www/html/src/Middleware/IpBlockerMiddleware.php, line 107
App\\Middleware\\IpBlockerMiddleware->process() /var/www/html/vendor/cakephp/cakephp/src/Http/Runner.php, line 82
Cake\\Http\\Runner->handle() /var/www/html/vendor/cakephp/cakephp/src/Http/Middleware/CsrfProtectionMiddleware.php, line 159
Cake\\Http\\Middleware\\CsrfProtectionMiddleware->process() /var/www/html/src/Middleware/ApiCsrfMiddleware.php, line 48
App\\Middleware\\ApiCsrfMiddleware->process() /var/www/html/vendor/cakephp/cakephp/src/Http/Runner.php, line 82
Cake\\Http\\Runner->handle() /var/www/html/vendor/cakephp/authorization/src/Middleware/AuthorizationMiddleware.php, line 136
Authorization\\Middleware\\AuthorizationMiddleware->process() /var/www/html/vendor/cakephp/cakephp/src/Http/Runner.php, line 82
Cake\\Http\\Runner->handle() /var/www/html/vendor/cakephp/authentication/src/Middleware/AuthenticationMiddleware.php, line 106
Authentication\\Middleware\\AuthenticationMiddleware->process() /var/www/html/vendor/cakephp/cakephp/src/Http/Runner.php, line 82
Cake\\Http\\Runner->handle() /var/www/html/vendor/cakephp/cakephp/src/Http/Middleware/BodyParserMiddleware.php, line 157
Cake\\Http\\Middleware\\BodyParserMiddleware->process() /var/www/html/vendor/cakephp/cakephp/src/Http/Runner.php, line 82
Cake\\Http\\Runner->handle() /var/www/html/vendor/admad/cakephp-i18n/src/Middleware/I18nMiddleware.php, line 110
ADmad\\I18n\\Middleware\\I18nMiddleware->process() /var/www/html/vendor/cakephp/cakephp/src/Http/Runner.php, line 82
Cake\\Http\\Runner->handle() /var/www/html/vendor/cakephp/cakephp/src/Routing/Middleware/RoutingMiddleware.php, line 117
Cake\\Routing\\Middleware\\RoutingMiddleware->process() /var/www/html/vendor/cakephp/cakephp/src/Http/Runner.php, line 82
Cake\\Http\\Runner->handle() /var/www/html/vendor/cakephp/cakephp/src/Routing/Middleware/AssetMiddleware.php, line 70
Cake\\Routing\\Middleware\\AssetMiddleware->process() /var/www/html/vendor/cakephp/cakephp/src/Http/Runner.php, line 82
Cake\\Http\\Runner->handle() /var/www/html/vendor/cakephp/cakephp/src/Error/Middleware/ErrorHandlerMiddleware.php, line 115
Cake\\Error\\Middleware\\ErrorHandlerMiddleware->process() /var/www/html/vendor/cakephp/cakephp/src/Http/Runner.php, line 82
Cake\\Http\\Runner->handle() /var/www/html/vendor/cakephp/cakephp/src/Http/Runner.php, line 60
Cake\\Http\\Runner->run() /var/www/html/vendor/cakephp/cakephp/src/Http/Server.php, line 104
Cake\\Http\\Server->run() /var/www/html/webroot/index.php, line 31
[main]

Request URL: /en?q=/en&
Client IP: 192.168.65.1', '{"scope":[]}', '2025-09-20 04:09:17', 'general', 'c0c25dec-2b9b-4fe7-9a25-553f1a52cf08')
2025-09-20 04:09:17: Exception occurred while logging: SQLSTATE[42S02]: Base table or view not found: 1146 Table 'willowcms_demo.system_logs' doesn't exist
Query: INSERT INTO system_logs (level, message, context, created, group_name, id) VALUES ('debug', 'Since 5.0.0: Query::order() is deprecated. Use Query::orderBy() instead.
/var/www/html/src/Controller/HomeController.php, line: 102
You can disable all deprecation warnings by setting `Error.errorLevel` to `E_ALL & ~E_USER_DEPRECATED`. Adding `src/Controller/HomeController.php` to `Error.ignoredDeprecationPaths` in your `config/app.php` config will mute deprecations from that file only. in /var/www/html/vendor/cakephp/cakephp/src/Core/functions.php on line 377
Trace:
Cake\\Error\\ErrorTrap->handleError() [internal], line ??
/var/www/html/vendor/cakephp/cakephp/src/Core/functions.php /var/www/html/vendor/cakephp/cakephp/src/Core/functions.php, line 377
/var/www/html/vendor/cakephp/cakephp/src/Database/Query.php /var/www/html/vendor/cakephp/cakephp/src/Database/Query.php, line 1171
Cake\\Database\\Query->order() /var/www/html/src/Controller/HomeController.php, line 102
App\\Controller\\HomeController->index() /var/www/html/vendor/cakephp/cakephp/src/Controller/Controller.php, line 505
Cake\\Controller\\Controller->invokeAction() /var/www/html/vendor/cakephp/cakephp/src/Controller/ControllerFactory.php, line 166
Cake\\Controller\\ControllerFactory->handle() /var/www/html/vendor/cakephp/cakephp/src/Controller/ControllerFactory.php, line 141
Cake\\Controller\\ControllerFactory->invoke() /var/www/html/vendor/cakephp/cakephp/src/Http/BaseApplication.php, line 362
Cake\\Http\\BaseApplication->handle() /var/www/html/vendor/cakephp/cakephp/src/Http/Runner.php, line 86
Cake\\Http\\Runner->handle() /var/www/html/src/Middleware/RateLimitMiddleware.php, line 148
App\\Middleware\\RateLimitMiddleware->process() /var/www/html/vendor/cakephp/cakephp/src/Http/Runner.php, line 82
Cake\\Http\\Runner->handle() /var/www/html/src/Middleware/IpBlockerMiddleware.php, line 107
App\\Middleware\\IpBlockerMiddleware->process() /var/www/html/vendor/cakephp/cakephp/src/Http/Runner.php, line 82
Cake\\Http\\Runner->handle() /var/www/html/vendor/cakephp/cakephp/src/Http/Middleware/CsrfProtectionMiddleware.php, line 159
Cake\\Http\\Middleware\\CsrfProtectionMiddleware->process() /var/www/html/src/Middleware/ApiCsrfMiddleware.php, line 48
App\\Middleware\\ApiCsrfMiddleware->process() /var/www/html/vendor/cakephp/cakephp/src/Http/Runner.php, line 82
Cake\\Http\\Runner->handle() /var/www/html/vendor/cakephp/authorization/src/Middleware/AuthorizationMiddleware.php, line 136
Authorization\\Middleware\\AuthorizationMiddleware->process() /var/www/html/vendor/cakephp/cakephp/src/Http/Runner.php, line 82
Cake\\Http\\Runner->handle() /var/www/html/vendor/cakephp/authentication/src/Middleware/AuthenticationMiddleware.php, line 106
Authentication\\Middleware\\AuthenticationMiddleware->process() /var/www/html/vendor/cakephp/cakephp/src/Http/Runner.php, line 82
Cake\\Http\\Runner->handle() /var/www/html/vendor/cakephp/cakephp/src/Http/Middleware/BodyParserMiddleware.php, line 157
Cake\\Http\\Middleware\\BodyParserMiddleware->process() /var/www/html/vendor/cakephp/cakephp/src/Http/Runner.php, line 82
Cake\\Http\\Runner->handle() /var/www/html/vendor/admad/cakephp-i18n/src/Middleware/I18nMiddleware.php, line 110
ADmad\\I18n\\Middleware\\I18nMiddleware->process() /var/www/html/vendor/cakephp/cakephp/src/Http/Runner.php, line 82
Cake\\Http\\Runner->handle() /var/www/html/vendor/cakephp/cakephp/src/Routing/Middleware/RoutingMiddleware.php, line 117
Cake\\Routing\\Middleware\\RoutingMiddleware->process() /var/www/html/vendor/cakephp/cakephp/src/Http/Runner.php, line 82
Cake\\Http\\Runner->handle() /var/www/html/vendor/cakephp/cakephp/src/Routing/Middleware/AssetMiddleware.php, line 70
Cake\\Routing\\Middleware\\AssetMiddleware->process() /var/www/html/vendor/cakephp/cakephp/src/Http/Runner.php, line 82
Cake\\Http\\Runner->handle() /var/www/html/vendor/cakephp/cakephp/src/Error/Middleware/ErrorHandlerMiddleware.php, line 115
Cake\\Error\\Middleware\\ErrorHandlerMiddleware->process() /var/www/html/vendor/cakephp/cakephp/src/Http/Runner.php, line 82
Cake\\Http\\Runner->handle() /var/www/html/vendor/cakephp/cakephp/src/Http/Runner.php, line 60
Cake\\Http\\Runner->run() /var/www/html/vendor/cakephp/cakephp/src/Http/Server.php, line 104
Cake\\Http\\Server->run() /var/www/html/webroot/index.php, line 31
[main]

Request URL: /en?q=/en&
Client IP: 192.168.65.1', '{"scope":[]}', '2025-09-20 04:09:17', 'general', '9149afa0-e2af-4cae-b887-39571f3fd466')
2025-09-20 04:09:17: Exception occurred while logging: SQLSTATE[42S02]: Base table or view not found: 1146 Table 'willowcms_demo.system_logs' doesn't exist
Query: INSERT INTO system_logs (level, message, context, created, group_name, id) VALUES ('debug', 'Since 5.0.0: Query::order() is deprecated. Use Query::orderBy() instead.
/var/www/html/src/Controller/HomeController.php, line: 118
You can disable all deprecation warnings by setting `Error.errorLevel` to `E_ALL & ~E_USER_DEPRECATED`. Adding `src/Controller/HomeController.php` to `Error.ignoredDeprecationPaths` in your `config/app.php` config will mute deprecations from that file only. in /var/www/html/vendor/cakephp/cakephp/src/Core/functions.php on line 377
Trace:
Cake\\Error\\ErrorTrap->handleError() [internal], line ??
/var/www/html/vendor/cakephp/cakephp/src/Core/functions.php /var/www/html/vendor/cakephp/cakephp/src/Core/functions.php, line 377
/var/www/html/vendor/cakephp/cakephp/src/Database/Query.php /var/www/html/vendor/cakephp/cakephp/src/Database/Query.php, line 1171
Cake\\Database\\Query->order() /var/www/html/src/Controller/HomeController.php, line 118
App\\Controller\\HomeController->index() /var/www/html/vendor/cakephp/cakephp/src/Controller/Controller.php, line 505
Cake\\Controller\\Controller->invokeAction() /var/www/html/vendor/cakephp/cakephp/src/Controller/ControllerFactory.php, line 166
Cake\\Controller\\ControllerFactory->handle() /var/www/html/vendor/cakephp/cakephp/src/Controller/ControllerFactory.php, line 141
Cake\\Controller\\ControllerFactory->invoke() /var/www/html/vendor/cakephp/cakephp/src/Http/BaseApplication.php, line 362
Cake\\Http\\BaseApplication->handle() /var/www/html/vendor/cakephp/cakephp/src/Http/Runner.php, line 86
Cake\\Http\\Runner->handle() /var/www/html/src/Middleware/RateLimitMiddleware.php, line 148
App\\Middleware\\RateLimitMiddleware->process() /var/www/html/vendor/cakephp/cakephp/src/Http/Runner.php, line 82
Cake\\Http\\Runner->handle() /var/www/html/src/Middleware/IpBlockerMiddleware.php, line 107
App\\Middleware\\IpBlockerMiddleware->process() /var/www/html/vendor/cakephp/cakephp/src/Http/Runner.php, line 82
Cake\\Http\\Runner->handle() /var/www/html/vendor/cakephp/cakephp/src/Http/Middleware/CsrfProtectionMiddleware.php, line 159
Cake\\Http\\Middleware\\CsrfProtectionMiddleware->process() /var/www/html/src/Middleware/ApiCsrfMiddleware.php, line 48
App\\Middleware\\ApiCsrfMiddleware->process() /var/www/html/vendor/cakephp/cakephp/src/Http/Runner.php, line 82
Cake\\Http\\Runner->handle() /var/www/html/vendor/cakephp/authorization/src/Middleware/AuthorizationMiddleware.php, line 136
Authorization\\Middleware\\AuthorizationMiddleware->process() /var/www/html/vendor/cakephp/cakephp/src/Http/Runner.php, line 82
Cake\\Http\\Runner->handle() /var/www/html/vendor/cakephp/authentication/src/Middleware/AuthenticationMiddleware.php, line 106
Authentication\\Middleware\\AuthenticationMiddleware->process() /var/www/html/vendor/cakephp/cakephp/src/Http/Runner.php, line 82
Cake\\Http\\Runner->handle() /var/www/html/vendor/cakephp/cakephp/src/Http/Middleware/BodyParserMiddleware.php, line 157
Cake\\Http\\Middleware\\BodyParserMiddleware->process() /var/www/html/vendor/cakephp/cakephp/src/Http/Runner.php, line 82
Cake\\Http\\Runner->handle() /var/www/html/vendor/admad/cakephp-i18n/src/Middleware/I18nMiddleware.php, line 110
ADmad\\I18n\\Middleware\\I18nMiddleware->process() /var/www/html/vendor/cakephp/cakephp/src/Http/Runner.php, line 82
Cake\\Http\\Runner->handle() /var/www/html/vendor/cakephp/cakephp/src/Routing/Middleware/RoutingMiddleware.php, line 117
Cake\\Routing\\Middleware\\RoutingMiddleware->process() /var/www/html/vendor/cakephp/cakephp/src/Http/Runner.php, line 82
Cake\\Http\\Runner->handle() /var/www/html/vendor/cakephp/cakephp/src/Routing/Middleware/AssetMiddleware.php, line 70
Cake\\Routing\\Middleware\\AssetMiddleware->process() /var/www/html/vendor/cakephp/cakephp/src/Http/Runner.php, line 82
Cake\\Http\\Runner->handle() /var/www/html/vendor/cakephp/cakephp/src/Error/Middleware/ErrorHandlerMiddleware.php, line 115
Cake\\Error\\Middleware\\ErrorHandlerMiddleware->process() /var/www/html/vendor/cakephp/cakephp/src/Http/Runner.php, line 82
Cake\\Http\\Runner->handle() /var/www/html/vendor/cakephp/cakephp/src/Http/Runner.php, line 60
Cake\\Http\\Runner->run() /var/www/html/vendor/cakephp/cakephp/src/Http/Server.php, line 104
Cake\\Http\\Server->run() /var/www/html/webroot/index.php, line 31
[main]

Request URL: /en?q=/en&
Client IP: 192.168.65.1', '{"scope":[]}', '2025-09-20 04:09:17', 'general', '15e25163-39f8-4901-a8de-6132c74bad90')
2025-09-20 04:09:17: Exception occurred while logging: SQLSTATE[42S02]: Base table or view not found: 1146 Table 'willowcms_demo.system_logs' doesn't exist
Query: INSERT INTO system_logs (level, message, context, created, group_name, id) VALUES ('debug', 'Since 5.0.0: Query::order() is deprecated. Use Query::orderBy() instead.
/var/www/html/src/Controller/HomeController.php, line: 135
You can disable all deprecation warnings by setting `Error.errorLevel` to `E_ALL & ~E_USER_DEPRECATED`. Adding `src/Controller/HomeController.php` to `Error.ignoredDeprecationPaths` in your `config/app.php` config will mute deprecations from that file only. in /var/www/html/vendor/cakephp/cakephp/src/Core/functions.php on line 377
Trace:
Cake\\Error\\ErrorTrap->handleError() [internal], line ??
/var/www/html/vendor/cakephp/cakephp/src/Core/functions.php /var/www/html/vendor/cakephp/cakephp/src/Core/functions.php, line 377
/var/www/html/vendor/cakephp/cakephp/src/Database/Query.php /var/www/html/vendor/cakephp/cakephp/src/Database/Query.php, line 1171
Cake\\Database\\Query->order() /var/www/html/src/Controller/HomeController.php, line 135
App\\Controller\\HomeController->index() /var/www/html/vendor/cakephp/cakephp/src/Controller/Controller.php, line 505
Cake\\Controller\\Controller->invokeAction() /var/www/html/vendor/cakephp/cakephp/src/Controller/ControllerFactory.php, line 166
Cake\\Controller\\ControllerFactory->handle() /var/www/html/vendor/cakephp/cakephp/src/Controller/ControllerFactory.php, line 141
Cake\\Controller\\ControllerFactory->invoke() /var/www/html/vendor/cakephp/cakephp/src/Http/BaseApplication.php, line 362
Cake\\Http\\BaseApplication->handle() /var/www/html/vendor/cakephp/cakephp/src/Http/Runner.php, line 86
Cake\\Http\\Runner->handle() /var/www/html/src/Middleware/RateLimitMiddleware.php, line 148
App\\Middleware\\RateLimitMiddleware->process() /var/www/html/vendor/cakephp/cakephp/src/Http/Runner.php, line 82
Cake\\Http\\Runner->handle() /var/www/html/src/Middleware/IpBlockerMiddleware.php, line 107
App\\Middleware\\IpBlockerMiddleware->process() /var/www/html/vendor/cakephp/cakephp/src/Http/Runner.php, line 82
Cake\\Http\\Runner->handle() /var/www/html/vendor/cakephp/cakephp/src/Http/Middleware/CsrfProtectionMiddleware.php, line 159
Cake\\Http\\Middleware\\CsrfProtectionMiddleware->process() /var/www/html/src/Middleware/ApiCsrfMiddleware.php, line 48
App\\Middleware\\ApiCsrfMiddleware->process() /var/www/html/vendor/cakephp/cakephp/src/Http/Runner.php, line 82
Cake\\Http\\Runner->handle() /var/www/html/vendor/cakephp/authorization/src/Middleware/AuthorizationMiddleware.php, line 136
Authorization\\Middleware\\AuthorizationMiddleware->process() /var/www/html/vendor/cakephp/cakephp/src/Http/Runner.php, line 82
Cake\\Http\\Runner->handle() /var/www/html/vendor/cakephp/authentication/src/Middleware/AuthenticationMiddleware.php, line 106
Authentication\\Middleware\\AuthenticationMiddleware->process() /var/www/html/vendor/cakephp/cakephp/src/Http/Runner.php, line 82
Cake\\Http\\Runner->handle() /var/www/html/vendor/cakephp/cakephp/src/Http/Middleware/BodyParserMiddleware.php, line 157
Cake\\Http\\Middleware\\BodyParserMiddleware->process() /var/www/html/vendor/cakephp/cakephp/src/Http/Runner.php, line 82
Cake\\Http\\Runner->handle() /var/www/html/vendor/admad/cakephp-i18n/src/Middleware/I18nMiddleware.php, line 110
ADmad\\I18n\\Middleware\\I18nMiddleware->process() /var/www/html/vendor/cakephp/cakephp/src/Http/Runner.php, line 82
Cake\\Http\\Runner->handle() /var/www/html/vendor/cakephp/cakephp/src/Routing/Middleware/RoutingMiddleware.php, line 117
Cake\\Routing\\Middleware\\RoutingMiddleware->process() /var/www/html/vendor/cakephp/cakephp/src/Http/Runner.php, line 82
Cake\\Http\\Runner->handle() /var/www/html/vendor/cakephp/cakephp/src/Routing/Middleware/AssetMiddleware.php, line 70
Cake\\Routing\\Middleware\\AssetMiddleware->process() /var/www/html/vendor/cakephp/cakephp/src/Http/Runner.php, line 82
Cake\\Http\\Runner->handle() /var/www/html/vendor/cakephp/cakephp/src/Error/Middleware/ErrorHandlerMiddleware.php, line 115
Cake\\Error\\Middleware\\ErrorHandlerMiddleware->process() /var/www/html/vendor/cakephp/cakephp/src/Http/Runner.php, line 82
Cake\\Http\\Runner->handle() /var/www/html/vendor/cakephp/cakephp/src/Http/Runner.php, line 60
Cake\\Http\\Runner->run() /var/www/html/vendor/cakephp/cakephp/src/Http/Server.php, line 104
Cake\\Http\\Server->run() /var/www/html/webroot/index.php, line 31
[main]

Request URL: /en?q=/en&
Client IP: 192.168.65.1', '{"scope":[]}', '2025-09-20 04:09:17', 'general', 'cc243646-d358-4f5f-9121-a470429ef495')
2025-09-20 04:09:17: Exception occurred while logging: SQLSTATE[42S02]: Base table or view not found: 1146 Table 'willowcms_demo.system_logs' doesn't exist
Query: INSERT INTO system_logs (level, message, context, created, group_name, id) VALUES ('error', '[Cake\\Routing\\Exception\\MissingRouteException] A named route was found for `home`, but matching failed. in /var/www/html/vendor/cakephp/cakephp/src/Routing/RouteCollection.php on line 297
Stack Trace:
- CORE/src/Routing/Router.php:454
- CORE/src/View/Helper/UrlHelper.php:91
- CORE/src/View/Helper/HtmlHelper.php:267
- ROOT/plugins/DefaultTheme/templates/element/site/site_language.php:30
- CORE/src/View/View.php:1187
- CORE/src/View/View.php:1144
- CORE/src/View/View.php:1689
- CORE/src/View/View.php:676
- ROOT/plugins/DefaultTheme/templates/element/site/header.php:5
- CORE/src/View/View.php:1187
- CORE/src/View/View.php:1144
- CORE/src/View/View.php:1689
- CORE/src/View/View.php:676
- ROOT/plugins/DefaultTheme/templates/layout/default.php:35
- CORE/src/View/View.php:1187
- CORE/src/View/View.php:1144
- CORE/src/View/View.php:837
- CORE/src/View/View.php:796
- CORE/src/Controller/Controller.php:712
- CORE/src/Controller/Controller.php:516
- CORE/src/Controller/ControllerFactory.php:166
- CORE/src/Controller/ControllerFactory.php:141
- CORE/src/Http/BaseApplication.php:362
- CORE/src/Http/Runner.php:86
- APP/Middleware/RateLimitMiddleware.php:148
- CORE/src/Http/Runner.php:82
- APP/Middleware/IpBlockerMiddleware.php:107
- CORE/src/Http/Runner.php:82
- CORE/src/Http/Middleware/CsrfProtectionMiddleware.php:159
- APP/Middleware/ApiCsrfMiddleware.php:48
- CORE/src/Http/Runner.php:82
- ROOT/vendor/cakephp/authorization/src/Middleware/AuthorizationMiddleware.php:136
- CORE/src/Http/Runner.php:82
- ROOT/vendor/cakephp/authentication/src/Middleware/AuthenticationMiddleware.php:106
- CORE/src/Http/Runner.php:82
- CORE/src/Http/Middleware/BodyParserMiddleware.php:157
- CORE/src/Http/Runner.php:82
- ROOT/vendor/admad/cakephp-i18n/src/Middleware/I18nMiddleware.php:110
- CORE/src/Http/Runner.php:82
- CORE/src/Routing/Middleware/RoutingMiddleware.php:117
- CORE/src/Http/Runner.php:82
- CORE/src/Routing/Middleware/AssetMiddleware.php:70
- CORE/src/Http/Runner.php:82
- CORE/src/Error/Middleware/ErrorHandlerMiddleware.php:115
- CORE/src/Http/Runner.php:82
- CORE/src/Http/Runner.php:60
- CORE/src/Http/Server.php:104
- ROOT/webroot/index.php:31
- [main]:

Request URL: /en?q=/en&
Client IP: 192.168.65.1', '{"scope":[]}', '2025-09-20 04:09:17', 'general', 'a8fe2e03-5762-4a2d-8ed3-9e721b143944')
2025-09-20 04:09:18: Exception occurred while logging: SQLSTATE[42S02]: Base table or view not found: 1146 Table 'willowcms_demo.system_logs' doesn't exist
Query: INSERT INTO system_logs (level, message, context, created, group_name, id) VALUES ('error', '[Cake\\Routing\\Exception\\MissingRouteException] A route matching `/css/normalize.min.css` could not be found. in /var/www/html/vendor/cakephp/cakephp/src/Routing/RouteCollection.php on line 188
Stack Trace:
- CORE/src/Routing/Router.php:197
- CORE/src/Routing/Middleware/RoutingMiddleware.php:96
- CORE/src/Http/Runner.php:82
- CORE/src/Routing/Middleware/AssetMiddleware.php:79
- CORE/src/Http/Runner.php:82
- CORE/src/Error/Middleware/ErrorHandlerMiddleware.php:115
- CORE/src/Http/Runner.php:82
- CORE/src/Http/Runner.php:60
- CORE/src/Http/Server.php:104
- ROOT/webroot/index.php:31
- [main]:

Request URL: /css/normalize.min.css?q=/css/normalize.min.css&
Referer URL: http://localhost:8090/en
Client IP: 192.168.65.1', '{"scope":[]}', '2025-09-20 04:09:18', 'general', '5c1ff5b3-a567-46ff-a516-2cde5a6649a2')
2025-09-20 04:09:18: Exception occurred while logging: SQLSTATE[42S02]: Base table or view not found: 1146 Table 'willowcms_demo.system_logs' doesn't exist
Query: INSERT INTO system_logs (level, message, context, created, group_name, id) VALUES ('error', '[Cake\\Routing\\Exception\\MissingRouteException] A route matching `/css/fonts.css` could not be found. in /var/www/html/vendor/cakephp/cakephp/src/Routing/RouteCollection.php on line 188
Stack Trace:
- CORE/src/Routing/Router.php:197
- CORE/src/Routing/Middleware/RoutingMiddleware.php:96
- CORE/src/Http/Runner.php:82
- CORE/src/Routing/Middleware/AssetMiddleware.php:79
- CORE/src/Http/Runner.php:82
- CORE/src/Error/Middleware/ErrorHandlerMiddleware.php:115
- CORE/src/Http/Runner.php:82
- CORE/src/Http/Runner.php:60
- CORE/src/Http/Server.php:104
- ROOT/webroot/index.php:31
- [main]:

Request URL: /css/fonts.css?q=/css/fonts.css&
Referer URL: http://localhost:8090/en
Client IP: 192.168.65.1', '{"scope":[]}', '2025-09-20 04:09:18', 'general', '4e832b2f-f26a-4697-9fb7-64c074669414')
2025-09-20 04:09:18: Exception occurred while logging: SQLSTATE[42S02]: Base table or view not found: 1146 Table 'willowcms_demo.system_logs' doesn't exist
Query: INSERT INTO system_logs (level, message, context, created, group_name, id) VALUES ('error', '[Cake\\Routing\\Exception\\MissingRouteException] A route matching `/css/cake.css` could not be found. in /var/www/html/vendor/cakephp/cakephp/src/Routing/RouteCollection.php on line 188
Stack Trace:
- CORE/src/Routing/Router.php:197
- CORE/src/Routing/Middleware/RoutingMiddleware.php:96
- CORE/src/Http/Runner.php:82
- CORE/src/Routing/Middleware/AssetMiddleware.php:79
- CORE/src/Http/Runner.php:82
- CORE/src/Error/Middleware/ErrorHandlerMiddleware.php:115
- CORE/src/Http/Runner.php:82
- CORE/src/Http/Runner.php:60
- CORE/src/Http/Server.php:104
- ROOT/webroot/index.php:31
- [main]:

Request URL: /css/cake.css?q=/css/cake.css&
Referer URL: http://localhost:8090/en
Client IP: 192.168.65.1', '{"scope":[]}', '2025-09-20 04:09:18', 'general', '2f6bf2b2-13b7-4628-a9f5-861be10a7edb')
2025-09-20 04:09:18: Exception occurred while logging: SQLSTATE[42S02]: Base table or view not found: 1146 Table 'willowcms_demo.system_logs' doesn't exist
Query: INSERT INTO system_logs (level, message, context, created, group_name, id) VALUES ('error', '[Cake\\Routing\\Exception\\MissingRouteException] A route matching `/css/milligram.min.css` could not be found. in /var/www/html/vendor/cakephp/cakephp/src/Routing/RouteCollection.php on line 188
Stack Trace:
- CORE/src/Routing/Router.php:197
- CORE/src/Routing/Middleware/RoutingMiddleware.php:96
- CORE/src/Http/Runner.php:82
- CORE/src/Routing/Middleware/AssetMiddleware.php:79
- CORE/src/Http/Runner.php:82
- CORE/src/Error/Middleware/ErrorHandlerMiddleware.php:115
- CORE/src/Http/Runner.php:82
- CORE/src/Http/Runner.php:60
- CORE/src/Http/Server.php:104
- ROOT/webroot/index.php:31
- [main]:

Request URL: /css/milligram.min.css?q=/css/milligram.min.css&
Referer URL: http://localhost:8090/en
Client IP: 192.168.65.1', '{"scope":[]}', '2025-09-20 04:09:18', 'general', '5633eed3-4975-4237-9023-f12f3c284e6f')
2025-09-19 22:43:35: Exception occurred while logging: Connection to Mysql could not be established: SQLSTATE[HY000] [2002] php_network_getaddresses: getaddrinfo for mysql failed: Name does not resolve
2025-09-20 00:36:51: Exception occurred while logging: Could not describe columns on `system_logs`
2025-09-20 00:36:51: Exception occurred while logging: Could not describe columns on `system_logs`
