[2025-10-06 23:30:22Z INFO HostContext] No proxy settings were found based on environmental variables (http_proxy/https_proxy/HTTP_PROXY/HTTPS_PROXY)
[2025-10-06 23:30:22Z INFO HostContext] Well known directory 'Bin': '/Volumes/1TB_DAVINCI/docker/willow/actions-runner/bin'
[2025-10-06 23:30:22Z INFO HostContext] Well known directory 'Root': '/Volumes/1TB_DAVINCI/docker/willow/actions-runner'
[2025-10-06 23:30:22Z INFO HostContext] Well known config file 'Credentials': '/Volumes/1TB_DAVINCI/docker/willow/actions-runner/.credentials'
[2025-10-06 23:30:22Z INFO HostContext] Well known directory 'Bin': '/Volumes/1TB_DAVINCI/docker/willow/actions-runner/bin'
[2025-10-06 23:30:22Z INFO HostContext] Well known directory 'Root': '/Volumes/1TB_DAVINCI/docker/willow/actions-runner'
[2025-10-06 23:30:22Z INFO HostContext] Well known config file 'Runner': '/Volumes/1TB_DAVINCI/docker/willow/actions-runner/.runner'
[2025-10-06 23:30:22Z INFO Listener] Runner is built for OSX (X64) - osx-x64.
[2025-10-06 23:30:22Z INFO Listener] RuntimeInformation: Darwin 25.0.0 Darwin Kernel Version 25.0.0: Wed Sep 17 21:38:03 PDT 2025; root:xnu-12377.1.9~141/RELEASE_ARM64_T8112.
[2025-10-06 23:30:23Z INFO Listener] Version: 2.328.0
[2025-10-06 23:30:23Z INFO Listener] Commit: 6f9a9110adce65f44ca6f7c0ae142b9cc6af937b
[2025-10-06 23:30:23Z INFO Listener] Culture: en-US
[2025-10-06 23:30:23Z INFO Listener] UI Culture: en-US
[2025-10-06 23:30:23Z INFO HostContext] Well known directory 'Bin': '/Volumes/1TB_DAVINCI/docker/willow/actions-runner/bin'
[2025-10-06 23:30:23Z INFO HostContext] Well known directory 'Root': '/Volumes/1TB_DAVINCI/docker/willow/actions-runner'
[2025-10-06 23:30:23Z INFO Listener] Validating directory permissions for: '/Volumes/1TB_DAVINCI/docker/willow/actions-runner'
[2025-10-06 23:30:23Z INFO CommandLineParser] Parse
[2025-10-06 23:30:23Z INFO CommandLineParser] Parsing 5 args
[2025-10-06 23:30:23Z INFO CommandLineParser] parsing argument
[2025-10-06 23:30:23Z INFO CommandLineParser] HasArgs: False
[2025-10-06 23:30:23Z INFO CommandLineParser] Adding Command: configure
[2025-10-06 23:30:23Z INFO CommandLineParser] parsing argument
[2025-10-06 23:30:23Z INFO CommandLineParser] HasArgs: True
[2025-10-06 23:30:23Z INFO CommandLineParser] arg: url
[2025-10-06 23:30:23Z INFO CommandLineParser] parsing argument
[2025-10-06 23:30:23Z INFO CommandLineParser] HasArgs: True
[2025-10-06 23:30:23Z INFO CommandLineParser] Adding option 'url': 'https://github.com/garzarobm/willow'
[2025-10-06 23:30:23Z INFO CommandLineParser] parsing argument
[2025-10-06 23:30:23Z INFO CommandLineParser] HasArgs: True
[2025-10-06 23:30:23Z INFO CommandLineParser] arg: token
[2025-10-06 23:30:23Z INFO CommandLineParser] parsing argument
[2025-10-06 23:30:23Z INFO CommandLineParser] HasArgs: True
[2025-10-06 23:30:23Z INFO CommandLineParser] Adding option 'token': '***'
[2025-10-06 23:30:23Z INFO Listener] Arguments parsed
[2025-10-06 23:30:23Z INFO Runner] ExecuteCommand
[2025-10-06 23:30:23Z INFO ConfigurationStore] currentAssemblyLocation: /Volumes/1TB_DAVINCI/docker/willow/actions-runner/bin/Runner.Listener.dll
[2025-10-06 23:30:23Z INFO HostContext] Well known directory 'Bin': '/Volumes/1TB_DAVINCI/docker/willow/actions-runner/bin'
[2025-10-06 23:30:23Z INFO ConfigurationStore] binPath: /Volumes/1TB_DAVINCI/docker/willow/actions-runner/bin
[2025-10-06 23:30:23Z INFO HostContext] Well known directory 'Bin': '/Volumes/1TB_DAVINCI/docker/willow/actions-runner/bin'
[2025-10-06 23:30:23Z INFO HostContext] Well known directory 'Root': '/Volumes/1TB_DAVINCI/docker/willow/actions-runner'
[2025-10-06 23:30:23Z INFO ConfigurationStore] RootFolder: /Volumes/1TB_DAVINCI/docker/willow/actions-runner
[2025-10-06 23:30:23Z INFO HostContext] Well known directory 'Bin': '/Volumes/1TB_DAVINCI/docker/willow/actions-runner/bin'
[2025-10-06 23:30:23Z INFO HostContext] Well known directory 'Root': '/Volumes/1TB_DAVINCI/docker/willow/actions-runner'
[2025-10-06 23:30:23Z INFO HostContext] Well known config file 'Runner': '/Volumes/1TB_DAVINCI/docker/willow/actions-runner/.runner'
[2025-10-06 23:30:23Z INFO ConfigurationStore] ConfigFilePath: /Volumes/1TB_DAVINCI/docker/willow/actions-runner/.runner
[2025-10-06 23:30:23Z INFO HostContext] Well known directory 'Bin': '/Volumes/1TB_DAVINCI/docker/willow/actions-runner/bin'
[2025-10-06 23:30:23Z INFO HostContext] Well known directory 'Root': '/Volumes/1TB_DAVINCI/docker/willow/actions-runner'
[2025-10-06 23:30:23Z INFO HostContext] Well known config file 'MigratedRunner': '/Volumes/1TB_DAVINCI/docker/willow/actions-runner/.runner_migrated'
[2025-10-06 23:30:23Z INFO ConfigurationStore] MigratedConfigFilePath: /Volumes/1TB_DAVINCI/docker/willow/actions-runner/.runner_migrated
[2025-10-06 23:30:23Z INFO HostContext] Well known directory 'Bin': '/Volumes/1TB_DAVINCI/docker/willow/actions-runner/bin'
[2025-10-06 23:30:23Z INFO HostContext] Well known directory 'Root': '/Volumes/1TB_DAVINCI/docker/willow/actions-runner'
[2025-10-06 23:30:23Z INFO HostContext] Well known config file 'Credentials': '/Volumes/1TB_DAVINCI/docker/willow/actions-runner/.credentials'
[2025-10-06 23:30:23Z INFO ConfigurationStore] CredFilePath: /Volumes/1TB_DAVINCI/docker/willow/actions-runner/.credentials
[2025-10-06 23:30:23Z INFO HostContext] Well known directory 'Bin': '/Volumes/1TB_DAVINCI/docker/willow/actions-runner/bin'
[2025-10-06 23:30:23Z INFO HostContext] Well known directory 'Root': '/Volumes/1TB_DAVINCI/docker/willow/actions-runner'
[2025-10-06 23:30:23Z INFO HostContext] Well known config file 'MigratedCredentials': '/Volumes/1TB_DAVINCI/docker/willow/actions-runner/.credentials_migrated'
[2025-10-06 23:30:23Z INFO ConfigurationStore] MigratedCredFilePath: /Volumes/1TB_DAVINCI/docker/willow/actions-runner/.credentials_migrated
[2025-10-06 23:30:23Z INFO HostContext] Well known directory 'Bin': '/Volumes/1TB_DAVINCI/docker/willow/actions-runner/bin'
[2025-10-06 23:30:23Z INFO HostContext] Well known directory 'Root': '/Volumes/1TB_DAVINCI/docker/willow/actions-runner'
[2025-10-06 23:30:23Z INFO HostContext] Well known config file 'Service': '/Volumes/1TB_DAVINCI/docker/willow/actions-runner/.service'
[2025-10-06 23:30:23Z INFO ConfigurationStore] ServiceConfigFilePath: /Volumes/1TB_DAVINCI/docker/willow/actions-runner/.service
[2025-10-06 23:30:23Z INFO CommandSettings] Flag 'help': 'False'
[2025-10-06 23:30:23Z INFO CommandSettings] Flag 'version': 'False'
[2025-10-06 23:30:23Z INFO CommandSettings] Flag 'commit': 'False'
[2025-10-06 23:30:23Z INFO CommandSettings] Flag 'check': 'False'
[2025-10-06 23:30:23Z INFO CommandSettings] Command 'configure': 'True'
[2025-10-06 23:30:23Z INFO Terminal] WRITE LINE: 
[2025-10-06 23:30:23Z INFO Terminal] WRITE LINE: --------------------------------------------------------------------------------
[2025-10-06 23:30:23Z INFO Terminal] WRITE LINE: |        ____ _ _   _   _       _          _        _   _                      |
[2025-10-06 23:30:23Z INFO Terminal] WRITE LINE: |       / ___(_) |_| | | |_   _| |__      / \   ___| |_(_) ___  _ __  ___      |
[2025-10-06 23:30:23Z INFO Terminal] WRITE LINE: |      | |  _| | __| |_| | | | | '_ \    / _ \ / __| __| |/ _ \| '_ \/ __|     |
[2025-10-06 23:30:23Z INFO Terminal] WRITE LINE: |      | |_| | | |_|  _  | |_| | |_) |  / ___ \ (__| |_| | (_) | | | \__ \     |
[2025-10-06 23:30:23Z INFO Terminal] WRITE LINE: |       \____|_|\__|_| |_|\__,_|_.__/  /_/   \_\___|\__|_|\___/|_| |_|___/     |
[2025-10-06 23:30:23Z INFO Terminal] WRITE LINE: |                                                                              |
[2025-10-06 23:30:23Z INFO Terminal] WRITE: |                       
[2025-10-06 23:30:23Z INFO Terminal] WRITE: Self-hosted runner registration
[2025-10-06 23:30:23Z INFO Terminal] WRITE LINE:                         |
[2025-10-06 23:30:23Z INFO Terminal] WRITE LINE: |                                                                              |
[2025-10-06 23:30:23Z INFO Terminal] WRITE LINE: --------------------------------------------------------------------------------
[2025-10-06 23:30:23Z INFO ConfigurationManager] ConfigureAsync
[2025-10-06 23:30:23Z INFO CommandSettings] Flag 'generateServiceConfig': 'False'
[2025-10-06 23:30:23Z INFO ConfigurationStore] IsConfigured()
[2025-10-06 23:30:23Z INFO ConfigurationStore] IsConfigured: False
[2025-10-06 23:30:23Z INFO ConfigurationManager] Is configured: False
[2025-10-06 23:30:23Z INFO CommandSettings] Arg 'url': 'https://github.com/garzarobm/willow'
[2025-10-06 23:30:23Z INFO CommandSettings] Remove url from Arg dictionary.
[2025-10-06 23:30:23Z INFO CommandSettings] Arg 'token': '***'
[2025-10-06 23:30:23Z INFO CommandSettings] Remove token from Arg dictionary.
[2025-10-06 23:30:25Z INFO ConfigurationManager] Http response code: OK from 'POST https://api.github.com/actions/runner-registration' (D0F1:71B1B:132851A:52D40BA:68E45110)
[2025-10-06 23:30:25Z INFO ConfigurationManager] Using V2 flow: False
[2025-10-06 23:30:25Z INFO ConfigurationManager] cred retrieved via GitHub auth
[2025-10-06 23:30:25Z INFO RunnerServer] EstablishVssConnection
[2025-10-06 23:30:25Z INFO RunnerServer] Establish connection with 100 seconds timeout.
[2025-10-06 23:30:25Z INFO GitHubActionsService] Starting operation Location.GetConnectionData
[2025-10-06 23:30:25Z INFO RunnerServer] EstablishVssConnection
[2025-10-06 23:30:25Z INFO RunnerServer] Establish connection with 60 seconds timeout.
[2025-10-06 23:30:25Z INFO GitHubActionsService] Starting operation Location.GetConnectionData
[2025-10-06 23:30:25Z INFO RunnerServer] EstablishVssConnection
[2025-10-06 23:30:25Z INFO RunnerServer] Establish connection with 60 seconds timeout.
[2025-10-06 23:30:25Z INFO GitHubActionsService] Starting operation Location.GetConnectionData
[2025-10-06 23:30:26Z INFO GitHubActionsService] Finished operation Location.GetConnectionData
[2025-10-06 23:30:26Z INFO GitHubActionsService] Finished operation Location.GetConnectionData
[2025-10-06 23:30:26Z INFO GitHubActionsService] Finished operation Location.GetConnectionData
[2025-10-06 23:30:26Z INFO Terminal] WRITE LINE: 
[2025-10-06 23:30:26Z INFO ConfigurationManager] Test Connection complete.
[2025-10-06 23:30:26Z INFO HostContext] Well known directory 'Bin': '/Volumes/1TB_DAVINCI/docker/willow/actions-runner/bin'
[2025-10-06 23:30:26Z INFO HostContext] Well known directory 'Root': '/Volumes/1TB_DAVINCI/docker/willow/actions-runner'
[2025-10-06 23:30:26Z INFO HostContext] Well known config file 'RSACredentials': '/Volumes/1TB_DAVINCI/docker/willow/actions-runner/.credentials_rsaparams'
[2025-10-06 23:30:26Z INFO RSAFileKeyManager] Creating new RSA key using 2048-bit key length
[2025-10-06 23:30:27Z INFO RSAFileKeyManager] Successfully saved RSA key parameters to file /Volumes/1TB_DAVINCI/docker/willow/actions-runner/.credentials_rsaparams
[2025-10-06 23:30:27Z INFO RSAFileKeyManager] Which2: 'chmod'
[2025-10-06 23:30:27Z INFO RSAFileKeyManager] Location: '/bin/chmod'
[2025-10-06 23:30:27Z INFO HostContext] Well known directory 'Bin': '/Volumes/1TB_DAVINCI/docker/willow/actions-runner/bin'
[2025-10-06 23:30:27Z INFO HostContext] Well known directory 'Root': '/Volumes/1TB_DAVINCI/docker/willow/actions-runner'
[2025-10-06 23:30:27Z INFO ProcessInvokerWrapper] Starting process:
[2025-10-06 23:30:27Z INFO ProcessInvokerWrapper]   File name: '/bin/chmod'
[2025-10-06 23:30:27Z INFO ProcessInvokerWrapper]   Arguments: '600 /Volumes/1TB_DAVINCI/docker/willow/actions-runner/.credentials_rsaparams'
[2025-10-06 23:30:27Z INFO ProcessInvokerWrapper]   Working directory: '/Volumes/1TB_DAVINCI/docker/willow/actions-runner'
[2025-10-06 23:30:27Z INFO ProcessInvokerWrapper]   Require exit code zero: 'False'
[2025-10-06 23:30:27Z INFO ProcessInvokerWrapper]   Encoding web name:  ; code page: ''
[2025-10-06 23:30:27Z INFO ProcessInvokerWrapper]   Force kill process on cancellation: 'False'
[2025-10-06 23:30:27Z INFO ProcessInvokerWrapper]   Redirected STDIN: 'False'
[2025-10-06 23:30:27Z INFO ProcessInvokerWrapper]   Persist current code page: 'False'
[2025-10-06 23:30:27Z INFO ProcessInvokerWrapper]   Keep redirected STDIN open: 'False'
[2025-10-06 23:30:27Z INFO ProcessInvokerWrapper]   High priority process: 'False'
[2025-10-06 23:30:27Z INFO ProcessInvokerWrapper] Process started with process id 28760, waiting for process exit.
[2025-10-06 23:30:28Z INFO ProcessInvokerWrapper] STDOUT/STDERR stream read finished.
[2025-10-06 23:30:28Z INFO ProcessInvokerWrapper] STDOUT/STDERR stream read finished.
[2025-10-06 23:30:28Z INFO ProcessInvokerWrapper] Finished process 28760 with exit code 0, and elapsed time 00:00:01.3817324.
[2025-10-06 23:30:28Z INFO RSAFileKeyManager] Successfully set permissions for RSA key parameters file /Volumes/1TB_DAVINCI/docker/willow/actions-runner/.credentials_rsaparams
[2025-10-06 23:30:29Z INFO CommandSettings] Arg 'runnergroup': ''
[2025-10-06 23:30:29Z INFO CommandSettings] Flag 'unattended': 'False'
[2025-10-06 23:30:29Z INFO PromptManager] ReadValue
[2025-10-06 23:30:29Z INFO Terminal] WRITE: Enter the name of the runner group to add this runner to: 
[2025-10-06 23:30:29Z INFO Terminal] WRITE: [press Enter for Default] 
[2025-10-06 23:30:29Z INFO Terminal] READ LINE
[2025-10-06 23:30:43Z INFO Terminal] Read value: 'macos-x64-runner'
[2025-10-06 23:30:43Z INFO Terminal] WRITE LINE: 
[2025-10-06 23:30:43Z ERR  Runner] GitHub.DistributedTask.WebApi.TaskAgentPoolNotFoundException: Could not find any self-hosted runner group named "macos-x64-runner".
   at GitHub.Runner.Listener.Configuration.ConfigurationManager.ConfigureAsync(CommandSettings command)
   at GitHub.Runner.Listener.Runner.ExecuteCommand(CommandSettings command)
[2025-10-06 23:30:43Z ERR  Terminal] WRITE ERROR: Could not find any self-hosted runner group named "macos-x64-runner".
[2025-10-06 23:30:43Z INFO Listener] Runner execution has finished with return code 1
